mktextfm Koulen/OT
mktextfm Koulen/OT
mktextfm Koulen/OT
mktextfm Koulen/BI/OT
mktextfm Koulen/OT
mktextfm Koulen/B/OT
mktextfm Koulen/OT
mktextfm Koulen/I/OT
mktextfm Koulen/OT
mktextfm Koulen/OT
mktextfm Koulen/OT
mktextfm Koulen/OT
mktextfm Koulen/OT
mktextfm Koulen/OT
mktextfm Koulen/OT
mktextfm nullfont
mktextfm Koulen/OT
mktextfm Koulen/OT
mktextfm Koulen/OT
mktextfm Koulen/BI/OT
mktextfm Koulen/OT
mktextfm Koulen/B/OT
mktextfm Koulen/OT
mktextfm Koulen/I/OT
mktextfm Koulen/OT
mktextfm Koulen/OT
mktextfm Koulen/OT
mktextfm Koulen/OT
mktextfm Koulen/OT
mktextfm Koulen/OT
mktextfm Koulen/OT
mktextfm nullfont
mktextfm Koulen/OT
mktextfm Koulen/OT
mktextfm Koulen/OT
mktextfm Koulen/BI/OT
mktextfm Koulen/OT
mktextfm Koulen/B/OT
mktextfm Koulen/OT
mktextfm Koulen/I/OT
mktextfm Koulen/OT
mktextfm Koulen/OT
mktextfm Koulen/OT
mktextfm Koulen/OT
mktextfm Koulen/OT
mktextfm Koulen/OT
mktextfm Koulen/OT
mktextfm nullfont
