\BOOKMARK [0][]{chapter*.2}{Preface}{}% 1
\BOOKMARK [0][]{chapter*.3}{Acknowledgment}{}% 2
\BOOKMARK [-1][]{part.1}{I Algebra}{}% 3
\BOOKMARK [0][]{chapter.1}{1 Heading on level 0 \(chapter\)}{part.1}% 4
\BOOKMARK [1][]{section.1.1}{1.1 Heading on level 1 \(section\)}{chapter.1}% 5
\BOOKMARK [2][]{subsection.1.1.1}{1.1.1 Heading on level 2 \(subsection\)}{section.1.1}% 6
\BOOKMARK [1][]{section.1.2}{1.2 Lists}{chapter.1}% 7
\BOOKMARK [2][]{subsection.1.2.1}{1.2.1 Example for list \(itemize\)}{section.1.2}% 8
\BOOKMARK [2][]{subsection.1.2.2}{1.2.2 Example for list \(enumerate\)}{section.1.2}% 9
\BOOKMARK [2][]{subsection.1.2.3}{1.2.3 Example for list \(description\)}{section.1.2}% 10
\BOOKMARK [0][]{chapter.2}{2 Heading on level 0 \(chapter\)}{part.1}% 11
\BOOKMARK [1][]{section.2.1}{2.1 Heading on level 1 \(section\)}{chapter.2}% 12
\BOOKMARK [2][]{subsection.2.1.1}{2.1.1 Heading on level 2 \(subsection\)}{section.2.1}% 13
\BOOKMARK [1][]{section.2.2}{2.2 Lists}{chapter.2}% 14
\BOOKMARK [2][]{subsection.2.2.1}{2.2.1 Example for list \(itemize\)}{section.2.2}% 15
\BOOKMARK [2][]{subsection.2.2.2}{2.2.2 Example for list \(enumerate\)}{section.2.2}% 16
\BOOKMARK [2][]{subsection.2.2.3}{2.2.3 Example for list \(description\)}{section.2.2}% 17
\BOOKMARK [0][]{chapter.3}{3 Heading on level 0 \(chapter\)}{part.1}% 18
\BOOKMARK [1][]{section.3.1}{3.1 Heading on level 1 \(section\)}{chapter.3}% 19
\BOOKMARK [2][]{subsection.3.1.1}{3.1.1 Heading on level 2 \(subsection\)}{section.3.1}% 20
\BOOKMARK [1][]{section.3.2}{3.2 Lists}{chapter.3}% 21
\BOOKMARK [2][]{subsection.3.2.1}{3.2.1 Example for list \(itemize\)}{section.3.2}% 22
\BOOKMARK [2][]{subsection.3.2.2}{3.2.2 Example for list \(enumerate\)}{section.3.2}% 23
\BOOKMARK [2][]{subsection.3.2.3}{3.2.3 Example for list \(description\)}{section.3.2}% 24
\BOOKMARK [-1][]{part.2}{II Geometry}{}% 25
\BOOKMARK [0][]{chapter.4}{4 Heading on level 0 \(chapter\)}{part.2}% 26
\BOOKMARK [1][]{section.4.1}{4.1 Heading on level 1 \(section\)}{chapter.4}% 27
\BOOKMARK [2][]{subsection.4.1.1}{4.1.1 Heading on level 2 \(subsection\)}{section.4.1}% 28
\BOOKMARK [1][]{section.4.2}{4.2 Lists}{chapter.4}% 29
\BOOKMARK [2][]{subsection.4.2.1}{4.2.1 Example for list \(itemize\)}{section.4.2}% 30
\BOOKMARK [2][]{subsection.4.2.2}{4.2.2 Example for list \(enumerate\)}{section.4.2}% 31
\BOOKMARK [2][]{subsection.4.2.3}{4.2.3 Example for list \(description\)}{section.4.2}% 32
\BOOKMARK [0][]{chapter.5}{5 Heading on level 0 \(chapter\)}{part.2}% 33
\BOOKMARK [1][]{section.5.1}{5.1 Heading on level 1 \(section\)}{chapter.5}% 34
\BOOKMARK [2][]{subsection.5.1.1}{5.1.1 Heading on level 2 \(subsection\)}{section.5.1}% 35
\BOOKMARK [1][]{section.5.2}{5.2 Lists}{chapter.5}% 36
\BOOKMARK [2][]{subsection.5.2.1}{5.2.1 Example for list \(itemize\)}{section.5.2}% 37
\BOOKMARK [2][]{subsection.5.2.2}{5.2.2 Example for list \(enumerate\)}{section.5.2}% 38
\BOOKMARK [2][]{subsection.5.2.3}{5.2.3 Example for list \(description\)}{section.5.2}% 39
\BOOKMARK [0][]{chapter.6}{6 Heading on level 0 \(chapter\)}{part.2}% 40
\BOOKMARK [1][]{section.6.1}{6.1 Heading on level 1 \(section\)}{chapter.6}% 41
\BOOKMARK [2][]{subsection.6.1.1}{6.1.1 Heading on level 2 \(subsection\)}{section.6.1}% 42
\BOOKMARK [1][]{section.6.2}{6.2 Lists}{chapter.6}% 43
\BOOKMARK [2][]{subsection.6.2.1}{6.2.1 Example for list \(itemize\)}{section.6.2}% 44
\BOOKMARK [2][]{subsection.6.2.2}{6.2.2 Example for list \(enumerate\)}{section.6.2}% 45
\BOOKMARK [2][]{subsection.6.2.3}{6.2.3 Example for list \(description\)}{section.6.2}% 46
\BOOKMARK [-1][]{part.3}{III Appendix}{}% 47
\BOOKMARK [0][]{appendix.A}{A Heading on level 0 \(chapter\)}{part.3}% 48
\BOOKMARK [1][]{section.A.1}{A.1 Heading on level 1 \(section\)}{appendix.A}% 49
\BOOKMARK [2][]{subsection.A.1.1}{A.1.1 Heading on level 2 \(subsection\)}{section.A.1}% 50
\BOOKMARK [1][]{section.A.2}{A.2 Lists}{appendix.A}% 51
\BOOKMARK [2][]{subsection.A.2.1}{A.2.1 Example for list \(itemize\)}{section.A.2}% 52
\BOOKMARK [2][]{subsection.A.2.2}{A.2.2 Example for list \(enumerate\)}{section.A.2}% 53
\BOOKMARK [2][]{subsection.A.2.3}{A.2.3 Example for list \(description\)}{section.A.2}% 54
\BOOKMARK [0][]{appendix.B}{B Heading on level 0 \(chapter\)}{part.3}% 55
\BOOKMARK [1][]{section.B.1}{B.1 Heading on level 1 \(section\)}{appendix.B}% 56
\BOOKMARK [2][]{subsection.B.1.1}{B.1.1 Heading on level 2 \(subsection\)}{section.B.1}% 57
\BOOKMARK [1][]{section.B.2}{B.2 Lists}{appendix.B}% 58
\BOOKMARK [2][]{subsection.B.2.1}{B.2.1 Example for list \(itemize\)}{section.B.2}% 59
\BOOKMARK [2][]{subsection.B.2.2}{B.2.2 Example for list \(enumerate\)}{section.B.2}% 60
\BOOKMARK [2][]{subsection.B.2.3}{B.2.3 Example for list \(description\)}{section.B.2}% 61
