This is pdfTeX, Version 3.14159265-2.6-1.40.17 (TeX Live 2016/Debian) (preloaded format=pdflatex 2018.1.11)  11 MAR 2018 02:29
entering extended mode
 restricted \write18 enabled.
 %&-line parsing enabled.
**main.tex
(./main.tex
LaTeX2e <2016/03/31>
Babel <3.9r> and hyphenation patterns for 12 language(s) loaded.
(/usr/share/texlive/texmf-dist/tex/latex/base/report.cls
Document Class: report 2014/09/29 v1.4h Standard LaTeX document class
(/usr/share/texlive/texmf-dist/tex/latex/base/size10.clo
File: size10.clo 2014/09/29 v1.4h Standard LaTeX file (size option)
)
\c@part=\count79
\c@chapter=\count80
\c@section=\count81
\c@subsection=\count82
\c@subsubsection=\count83
\c@paragraph=\count84
\c@subparagraph=\count85
\c@figure=\count86
\c@table=\count87
\abovecaptionskip=\skip41
\belowcaptionskip=\skip42
\bibindent=\dimen102
)
(/usr/share/texlive/texmf-dist/tex/latex/geometry/geometry.sty
Package: geometry 2010/09/12 v5.6 Page Geometry

(/usr/share/texlive/texmf-dist/tex/latex/graphics/keyval.sty
Package: keyval 2014/10/28 v1.15 key=value parser (DPC)
\KV@toks@=\toks14
)
(/usr/share/texlive/texmf-dist/tex/generic/oberdiek/ifpdf.sty
Package: ifpdf 2016/05/14 v3.1 Provides the ifpdf switch
)
(/usr/share/texlive/texmf-dist/tex/generic/oberdiek/ifvtex.sty
Package: ifvtex 2016/05/16 v1.6 Detect VTeX and its facilities (HO)
Package ifvtex Info: VTeX not detected.
)
(/usr/share/texlive/texmf-dist/tex/generic/ifxetex/ifxetex.sty
Package: ifxetex 2010/09/12 v0.6 Provides ifxetex conditional
)
\Gm@cnth=\count88
\Gm@cntv=\count89
\c@Gm@tempcnt=\count90
\Gm@bindingoffset=\dimen103
\Gm@wd@mp=\dimen104
\Gm@odd@mp=\dimen105
\Gm@even@mp=\dimen106
\Gm@layoutwidth=\dimen107
\Gm@layoutheight=\dimen108
\Gm@layouthoffset=\dimen109
\Gm@layoutvoffset=\dimen110
\Gm@dimlist=\toks15
)
(/usr/share/texlive/texmf-dist/tex/latex/graphics/color.sty
Package: color 2016/05/09 v1.1c Standard LaTeX Color (DPC)

(/usr/share/texlive/texmf-dist/tex/latex/graphics-cfg/color.cfg
File: color.cfg 2016/01/02 v1.6 sample color configuration
)
Package color Info: Driver file: pdftex.def on input line 144.

(/usr/share/texlive/texmf-dist/tex/latex/pdftex-def/pdftex.def
File: pdftex.def 2011/05/27 v0.06d Graphics/color for pdfTeX

(/usr/share/texlive/texmf-dist/tex/generic/oberdiek/infwarerr.sty
Package: infwarerr 2016/05/16 v1.4 Providing info/warning/error messages (HO)
)
(/usr/share/texlive/texmf-dist/tex/generic/oberdiek/ltxcmds.sty
Package: ltxcmds 2016/05/16 v1.23 LaTeX kernel commands for general use (HO)
)
\Gread@gobject=\count91
))
(/usr/share/texlive/texmf-dist/tex/latex/flowfram/flowfram.sty
Package: flowfram 2014/09/30 v1.17 (NLCT)

(/usr/share/texlive/texmf-dist/tex/latex/base/ifthen.sty
Package: ifthen 2014/09/29 v1.1c Standard LaTeX ifthen package (DPC)
)
(/usr/share/texlive/texmf-dist/tex/latex/xkeyval/xkeyval.sty
Package: xkeyval 2014/12/03 v2.7a package option processing (HA)

(/usr/share/texlive/texmf-dist/tex/generic/xkeyval/xkeyval.tex
(/usr/share/texlive/texmf-dist/tex/generic/xkeyval/xkvutils.tex
\XKV@toks=\toks16
\XKV@tempa@toks=\toks17
)
\XKV@depth=\count92
File: xkeyval.tex 2014/12/03 v2.7a key=value parser (HA)
))
(/usr/share/texlive/texmf-dist/tex/latex/graphics/graphics.sty
Package: graphics 2016/05/09 v1.0r Standard LaTeX Graphics (DPC,SPQR)

(/usr/share/texlive/texmf-dist/tex/latex/graphics/trig.sty
Package: trig 2016/01/03 v1.10 sin cos tan (DPC)
)
(/usr/share/texlive/texmf-dist/tex/latex/graphics-cfg/graphics.cfg
File: graphics.cfg 2016/01/02 v1.10 sample graphics configuration
)
Package graphics Info: Driver file: pdftex.def on input line 96.
)
(/usr/share/texlive/texmf-dist/tex/latex/tools/afterpage.sty
Package: afterpage 2014/10/28 v1.08 After-Page Package (DPC)
\AP@output=\toks18
\AP@partial=\box26
\AP@footins=\box27
)
(/usr/share/texlive/texmf-dist/tex/latex/xfor/xfor.sty
Package: xfor 2009/02/05 v1.05 (NLCT)
)
(/usr/share/texlive/texmf-dist/tex/latex/etoolbox/etoolbox.sty
Package: etoolbox 2015/08/02 v2.2a e-TeX tools for LaTeX (JAW)
\etb@tempcnta=\count93
)
\fflabelsep=\skip43
\c@absolutepage=\count94
\c@maxflow=\count95
\c@thisframe=\count96
\c@displayedframe=\count97
\c@maxstatic=\count98
\c@maxdynamic=\count99
\@colN=\count100
\@ff@tmpN=\count101
\ff@id=\count102
\@ff@offset=\skip44
\@ff@tmp@x=\skip45
\@ff@tmp@x@even=\skip46
\@ff@tmp@y=\skip47
\sdfparindent=\skip48
\flowframesep=\skip49
\flowframerule=\skip50
\staticframe=\box28
\@dynamictok=\toks19
\flf@ta=\toks20
\flf@tb=\toks21
\ffareawidth=\skip51
\ffareaheight=\skip52
\ffareax=\skip53
\ffareay=\skip54
\ffareaevenx=\skip55
\ffareaeveny=\skip56
\fftolerance=\skip57
\c@ffrangenum=\count103
\c@curpg=\count104
\ffevenoffset=\skip58
\@nxtcol=\count105
\columnheight=\skip59
\vcolumnsep=\skip60
\@ff@staticH=\skip61
\@ff@adjh=\count106
\@ff@staticW=\skip62
\@thisstrip=\count107
\ffcolumnseprule=\skip63
\@ff@left@x=\skip64
\@ff@left@y=\skip65
\@ff@left@evenx=\skip66
\@ff@left@eveny=\skip67
\@ff@left@width=\skip68
\@ff@left@height=\skip69
\c@maxthumbtabs=\count108
\thumbtabwidth=\skip70
\@greyscale=\count109
\c@maxtocunits=\count110
\c@maxminitoc=\count111
\@ttb@level=\count112
\@ttb@minitoclevel=\count113
\beforeminitocskip=\skip71
\afterminitocskip=\skip72
\c@minitoc=\count114
)
(/usr/share/texlive/texmf-dist/tex/latex/hyperref/hyperref.sty
Package: hyperref 2016/05/05 v6.83n Hypertext links for LaTeX

(/usr/share/texlive/texmf-dist/tex/generic/oberdiek/hobsub-hyperref.sty
Package: hobsub-hyperref 2016/05/16 v1.14 Bundle oberdiek, subset hyperref (HO)


(/usr/share/texlive/texmf-dist/tex/generic/oberdiek/hobsub-generic.sty
Package: hobsub-generic 2016/05/16 v1.14 Bundle oberdiek, subset generic (HO)
Package: hobsub 2016/05/16 v1.14 Construct package bundles (HO)
Package hobsub Info: Skipping package `infwarerr' (already loaded).
Package hobsub Info: Skipping package `ltxcmds' (already loaded).
Package: ifluatex 2016/05/16 v1.4 Provides the ifluatex switch (HO)
Package ifluatex Info: LuaTeX not detected.
Package hobsub Info: Skipping package `ifvtex' (already loaded).
Package: intcalc 2016/05/16 v1.2 Expandable calculations with integers (HO)
Package hobsub Info: Skipping package `ifpdf' (already loaded).
Package: etexcmds 2016/05/16 v1.6 Avoid name clashes with e-TeX commands (HO)
Package etexcmds Info: Could not find \expanded.
(etexcmds)             That can mean that you are not using pdfTeX 1.50 or
(etexcmds)             that some package has redefined \expanded.
(etexcmds)             In the latter case, load this package earlier.
Package: kvsetkeys 2016/05/16 v1.17 Key value parser (HO)
Package: kvdefinekeys 2016/05/16 v1.4 Define keys (HO)
Package: pdftexcmds 2016/05/10 v0.21 Utility functions of pdfTeX for LuaTeX (HO
)
Package pdftexcmds Info: LuaTeX not detected.
Package pdftexcmds Info: \pdf@primitive is available.
Package pdftexcmds Info: \pdf@ifprimitive is available.
Package pdftexcmds Info: \pdfdraftmode found.
Package: pdfescape 2016/05/16 v1.14 Implements pdfTeX's escape features (HO)
Package: bigintcalc 2016/05/16 v1.4 Expandable calculations on big integers (HO
)
Package: bitset 2016/05/16 v1.2 Handle bit-vector datatype (HO)
Package: uniquecounter 2016/05/16 v1.3 Provide unlimited unique counter (HO)
)
Package hobsub Info: Skipping package `hobsub' (already loaded).
Package: letltxmacro 2016/05/16 v1.5 Let assignment for LaTeX macros (HO)
Package: hopatch 2016/05/16 v1.3 Wrapper for package hooks (HO)
Package: xcolor-patch 2016/05/16 xcolor patch
Package: atveryend 2016/05/16 v1.9 Hooks at the very end of document (HO)
Package atveryend Info: \AP@enddocument detected (standard20110627).
Package: atbegshi 2016/05/16 v1.17 At begin shipout hook (HO)
Package: refcount 2016/05/16 v3.5 Data extraction from label references (HO)
Package: hycolor 2016/05/16 v1.8 Color options for hyperref/bookmark (HO)
)
(/usr/share/texlive/texmf-dist/tex/latex/oberdiek/auxhook.sty
Package: auxhook 2016/05/16 v1.4 Hooks for auxiliary files (HO)
)
(/usr/share/texlive/texmf-dist/tex/latex/oberdiek/kvoptions.sty
Package: kvoptions 2016/05/16 v3.12 Key value format for package options (HO)
)
\@linkdim=\dimen111
\Hy@linkcounter=\count115
\Hy@pagecounter=\count116

(/usr/share/texlive/texmf-dist/tex/latex/hyperref/pd1enc.def
File: pd1enc.def 2016/05/05 v6.83n Hyperref: PDFDocEncoding definition (HO)
)
\Hy@SavedSpaceFactor=\count117

(/usr/share/texlive/texmf-dist/tex/latex/latexconfig/hyperref.cfg
File: hyperref.cfg 2002/06/06 v1.2 hyperref configuration of TeXLive
)
Package hyperref Info: Option `colorlinks' set `true' on input line 4322.
Package hyperref Info: Hyper figures OFF on input line 4446.
Package hyperref Info: Link nesting OFF on input line 4451.
Package hyperref Info: Hyper index ON on input line 4454.
Package hyperref Info: Plain pages OFF on input line 4461.
Package hyperref Info: Backreferencing OFF on input line 4466.
Package hyperref Info: Implicit mode ON; LaTeX internals redefined.
Package hyperref Info: Bookmarks ON on input line 4691.
\c@Hy@tempcnt=\count118

(/usr/share/texlive/texmf-dist/tex/latex/url/url.sty
\Urlmuskip=\muskip10
Package: url 2013/09/16  ver 3.4  Verb mode for urls, etc.
)
LaTeX Info: Redefining \url on input line 5044.
\XeTeXLinkMargin=\dimen112
\Fld@menulength=\count119
\Field@Width=\dimen113
\Fld@charsize=\dimen114
Package hyperref Info: Hyper figures OFF on input line 6298.
Package hyperref Info: Link nesting OFF on input line 6303.
Package hyperref Info: Hyper index ON on input line 6306.
Package hyperref Info: backreferencing OFF on input line 6313.
Package hyperref Info: Link coloring ON on input line 6316.
Package hyperref Info: Link coloring with OCG OFF on input line 6323.
Package hyperref Info: PDF/A mode OFF on input line 6328.
LaTeX Info: Redefining \ref on input line 6368.
LaTeX Info: Redefining \pageref on input line 6372.
\Hy@abspage=\count120
\c@Item=\count121
\c@Hfootnote=\count122
)

Package hyperref Message: Driver (autodetected): hpdftex.

(/usr/share/texlive/texmf-dist/tex/latex/hyperref/hpdftex.def
File: hpdftex.def 2016/05/05 v6.83n Hyperref driver for pdfTeX
\Fld@listcount=\count123
\c@bookmark@seq@number=\count124

(/usr/share/texlive/texmf-dist/tex/latex/oberdiek/rerunfilecheck.sty
Package: rerunfilecheck 2016/05/16 v1.8 Rerun checks for auxiliary files (HO)
Package uniquecounter Info: New unique counter `rerunfilecheck' on input line 2
82.
)
\Hy@SectionHShift=\skip73
)
\columni=\box29
\colwidthi=\skip74
\colheighti=\skip75
\col@i@posx=\skip76
\col@i@posy=\skip77
\col@i@evenx=\skip78
\col@i@eveny=\skip79
\columnii=\box30
\colwidthii=\skip80
\colheightii=\skip81
\col@ii@posx=\skip82
\col@ii@posy=\skip83
\col@ii@evenx=\skip84
\col@ii@eveny=\skip85
\columniii=\box31
\colwidthiii=\skip86
\colheightiii=\skip87
\col@iii@posx=\skip88
\col@iii@posy=\skip89
\col@iii@evenx=\skip90
\col@iii@eveny=\skip91
\@df@i@posx=\skip92
\@df@i@posy=\skip93
\@df@i@evenx=\skip94
\@df@i@eveny=\skip95
\@staticframe@i=\box32
\@sf@i@posx=\skip96
\@sf@i@posy=\skip97
\@sf@i@evenx=\skip98
\@sf@i@eveny=\skip99
\@staticframe@ii=\box33
\@sf@ii@posx=\skip100
\@sf@ii@posy=\skip101
\@sf@ii@evenx=\skip102
\@sf@ii@eveny=\skip103
\@staticframe@iii=\box34
\@sf@iii@posx=\skip104
\@sf@iii@posy=\skip105
\@sf@iii@evenx=\skip106
\@sf@iii@eveny=\skip107
\@staticframe@iv=\box35
\@sf@iv@posx=\skip108
\@sf@iv@posy=\skip109
\@sf@iv@evenx=\skip110
\@sf@iv@eveny=\skip111
\@staticframe@v=\box36
\@sf@v@posx=\skip112
\@sf@v@posy=\skip113
\@sf@v@evenx=\skip114
\@sf@v@eveny=\skip115
\@df@ii@posx=\skip116
\@df@ii@posy=\skip117
\@df@ii@evenx=\skip118
\@df@ii@eveny=\skip119

(./main.aux)
\openout1 = `main.aux'.

LaTeX Font Info:    Checking defaults for OML/cmm/m/it on input line 49.
LaTeX Font Info:    ... okay on input line 49.
LaTeX Font Info:    Checking defaults for T1/cmr/m/n on input line 49.
LaTeX Font Info:    ... okay on input line 49.
LaTeX Font Info:    Checking defaults for OT1/cmr/m/n on input line 49.
LaTeX Font Info:    ... okay on input line 49.
LaTeX Font Info:    Checking defaults for OMS/cmsy/m/n on input line 49.
LaTeX Font Info:    ... okay on input line 49.
LaTeX Font Info:    Checking defaults for OMX/cmex/m/n on input line 49.
LaTeX Font Info:    ... okay on input line 49.
LaTeX Font Info:    Checking defaults for U/cmr/m/n on input line 49.
LaTeX Font Info:    ... okay on input line 49.
LaTeX Font Info:    Checking defaults for PD1/pdf/m/n on input line 49.
LaTeX Font Info:    ... okay on input line 49.

*geometry* driver: auto-detecting
*geometry* detected driver: pdftex
*geometry* verbose mode - [ preamble ] result:
* driver: pdftex
* paper: a4paper
* layout: <same size as paper>
* layoutoffset:(h,v)=(0.0pt,0.0pt)
* modes: landscape 
* h-part:(L,W,R)=(72.26999pt, 700.50687pt, 72.26999pt)
* v-part:(T,H,B)=(72.26999pt, 452.9679pt, 72.26999pt)
* \paperwidth=845.04684pt
* \paperheight=597.50787pt
* \textwidth=700.50687pt
* \textheight=444.0pt
* \oddsidemargin=0.0pt
* \evensidemargin=0.0pt
* \topmargin=-37.0pt
* \headheight=12.0pt
* \headsep=25.0pt
* \topskip=10.0pt
* \footskip=30.0pt
* \marginparwidth=57.0pt
* \marginparsep=11.0pt
* \columnsep=10.0pt
* \skip\footins=9.0pt plus 4.0pt minus 2.0pt
* \hoffset=0.0pt
* \voffset=0.0pt
* \mag=1000
* \@twocolumnfalse
* \@twosidefalse
* \@mparswitchfalse
* \@reversemarginfalse
* (1in=72.27pt=25.4mm, 1cm=28.453pt)

(/usr/share/texlive/texmf-dist/tex/context/base/mkii/supp-pdf.mkii
[Loading MPS to PDF converter (version 2006.09.02).]
\scratchcounter=\count125
\scratchdimen=\dimen115
\scratchbox=\box37
\nofMPsegments=\count126
\nofMParguments=\count127
\everyMPshowfont=\toks22
\MPscratchCnt=\count128
\MPscratchDim=\dimen116
\MPnumerator=\count129
\makeMPintoPDFobject=\count130
\everyMPtoPDFconversion=\toks23
) (/usr/share/texlive/texmf-dist/tex/latex/oberdiek/epstopdf-base.sty
Package: epstopdf-base 2016/05/15 v2.6 Base part for package epstopdf

(/usr/share/texlive/texmf-dist/tex/latex/oberdiek/grfext.sty
Package: grfext 2016/05/16 v1.2 Manage graphics extensions (HO)
)
Package grfext Info: Graphics extension search list:
(grfext)             [.png,.pdf,.jpg,.mps,.jpeg,.jbig2,.jb2,.PNG,.PDF,.JPG,.JPE
G,.JBIG2,.JB2,.eps]
(grfext)             \AppendGraphicsExtensions on input line 456.

(/usr/share/texlive/texmf-dist/tex/latex/latexconfig/epstopdf-sys.cfg
File: epstopdf-sys.cfg 2010/07/13 v1.3 Configuration of (r)epstopdf for TeX Liv
e
))
\AtBeginShipoutBox=\box38
Package hyperref Info: Link coloring ON on input line 49.

(/usr/share/texlive/texmf-dist/tex/latex/hyperref/nameref.sty
Package: nameref 2012/10/27 v2.43 Cross-referencing by name of section

(/usr/share/texlive/texmf-dist/tex/generic/oberdiek/gettitlestring.sty
Package: gettitlestring 2016/05/16 v1.5 Cleanup title references (HO)
)
\c@section@level=\count131
)
LaTeX Info: Redefining \ref on input line 49.
LaTeX Info: Redefining \pageref on input line 49.
LaTeX Info: Redefining \nameref on input line 49.

(./main.out) (./main.out)
\@outlinefile=\write3
\openout3 = `main.out'.

LaTeX Font Info:    External font `cmex10' loaded for size
(Font)              <7> on input line 51.
LaTeX Font Info:    External font `cmex10' loaded for size
(Font)              <5> on input line 51.

Underfull \hbox (badness 10000) in paragraph at lines 56--58

 []

[1{/var/lib/texmf/fonts/map/pdftex/updmap/pdftex.map}

]
Chapter 1.
[2

]
Chapter 2.
[3

]
Chapter 3.
LaTeX Font Info:    Try loading font information for OML+cmss on input line 147
.
LaTeX Font Info:    No file OMLcmss.fd. on input line 147.

LaTeX Font Warning: Font shape `OML/cmss/m/n' undefined
(Font)              using `OML/cmm/m/it' instead
(Font)              for symbol `textless' on input line 147.


LaTeX Font Warning: Font shape `OT1/cmss/m/it' in size <10> not available
(Font)              Font shape `OT1/cmss/m/sl' tried instead on input line 147.



Overfull \hbox (0.11464pt too wide) in paragraph at lines 161--170
\OT1/cmss/m/n/10 ing com-mands. If you de-fine your own frame
 []

[4

] [5

]
Chapter 4.

Overfull \hbox (13.74677pt too wide) in paragraph at lines 252--252
[][]\OT1/cmss/bx/n/14.4 Prematurely End-ing a Flow Frame 
 []


Overfull \hbox (2.90166pt too wide) in paragraph at lines 259--266
\OT1/cmss/m/n/10 sit-u-a-tions where a para-graph spans two flow frames
 []


Overfull \hbox (22.62265pt too wide) in paragraph at lines 274--285
\OT1/cmss/m/n/10 tional en-vi-ron-ments: \OT1/cmtt/m/n/10 staticfigure \OT1/cms
s/m/n/10 and \OT1/cmtt/m/n/10 statictable
 []


Overfull \hbox (15.45618pt too wide) in paragraph at lines 274--285
\OT1/cmtt/m/n/10 \label \OT1/cmss/m/n/10 com-mands can be used within \OT1/cmtt
/m/n/10 staticfigure
 []


Underfull \hbox (badness 1082) in paragraph at lines 293--294
\OT1/cmss/m/n/10 The fol-low-ing macros can be changed us-ing
 []

[6

]
LaTeX Font Info:    Try loading font information for OMS+cmss on input line 296
.
LaTeX Font Info:    No file OMScmss.fd. on input line 296.


LaTeX Font Warning: Font shape `OMS/cmss/m/n' undefined
(Font)              using `OMS/cmsy/m/n' instead
(Font)              for symbol `textbullet' on input line 296.


Overfull \hbox (6.26268pt too wide) in paragraph at lines 315--317
[]\OT1/cmss/m/n/10 The fol-low-ing are lengths, which can be changed
 []

Package atveryend Info: Empty hook `BeforeClearDocument' on input line 347.
[7]
Package atveryend Info: Empty hook `AfterLastShipout' on input line 347.
 (./main.aux)
Package atveryend Info: Executing hook `AtVeryEndDocument' on input line 347.
Package atveryend Info: Executing hook `AtEndAfterFileList' on input line 347.
Package rerunfilecheck Info: File `main.out' has not changed.
(rerunfilecheck)             Checksum: A04B157B57DEEDCEE50F1A3C0F329E5E;198.


LaTeX Font Warning: Some font shapes were not available, defaults substituted.

Package atveryend Info: Empty hook `AtVeryVeryEnd' on input line 347.
 ) 
Here is how much of TeX's memory you used:
 7313 strings out of 494490
 107602 string characters out of 6172463
 233000 words of memory out of 5000000
 10658 multiletter control sequences out of 15000+600000
 6981 words of font info for 25 fonts, out of 8000000 for 9000
 264 hyphenation exceptions out of 8191
 32i,12n,46p,433b,446s stack positions out of 5000i,500n,10000p,200000b,80000s
</usr/share/texlive/texmf-dist/fonts/type1/public/amsfonts/cm/cmmi10.pfb></us
r/share/texlive/texmf-dist/fonts/type1/public/amsfonts/cm/cmss10.pfb></usr/shar
e/texlive/texmf-dist/fonts/type1/public/amsfonts/cm/cmss8.pfb></usr/share/texli
ve/texmf-dist/fonts/type1/public/amsfonts/cm/cmssbx10.pfb></usr/share/texlive/t
exmf-dist/fonts/type1/public/amsfonts/cm/cmssi10.pfb></usr/share/texlive/texmf-
dist/fonts/type1/public/amsfonts/cm/cmssi12.pfb></usr/share/texlive/texmf-dist/
fonts/type1/public/amsfonts/cm/cmssi17.pfb></usr/share/texlive/texmf-dist/fonts
/type1/public/amsfonts/cm/cmsy10.pfb></usr/share/texlive/texmf-dist/fonts/type1
/public/amsfonts/cm/cmtt10.pfb>
Output written on main.pdf (7 pages, 101870 bytes).
PDF statistics:
 114 PDF objects out of 1000 (max. 8388607)
 95 compressed objects within 1 object stream
 24 named destinations out of 1000 (max. 500000)
 33 words of extra memory for PDF output out of 10000 (max. 10000000)

