This is pdfTeX, Version 3.14159265-2.6-1.40.18 (TeX Live 2017/Debian) (preloaded format=pdflatex 2018.9.2)  3 SEP 2018 03:56
entering extended mode
 restricted \write18 enabled.
 %&-line parsing enabled.
**main.tex
(./main.tex
LaTeX2e <2017-04-15>
Babel <3.18> and hyphenation patterns for 84 language(s) loaded.
(/usr/share/texlive/texmf-dist/tex/latex/beamer/beamer.cls
Document Class: beamer 2018/02/20 v3.50 A class for typesetting presentations
(/usr/share/texlive/texmf-dist/tex/latex/beamer/beamerbasemodes.sty
(/usr/share/texlive/texmf-dist/tex/latex/etoolbox/etoolbox.sty
Package: etoolbox 2018/02/11 v2.5e e-TeX tools for LaTeX (JAW)
\etb@tempcnta=\count79
)
\beamer@tempbox=\box26
\beamer@tempcount=\count80
\c@beamerpauses=\count81

(/usr/share/texlive/texmf-dist/tex/latex/beamer/beamerbasedecode.sty
\beamer@slideinframe=\count82
\beamer@minimum=\count83
)
\beamer@commentbox=\box27
\beamer@modecount=\count84
)
(/usr/share/texlive/texmf-dist/tex/generic/oberdiek/ifpdf.sty
Package: ifpdf 2017/03/15 v3.2 Provides the ifpdf switch
)
\headdp=\dimen102
\footheight=\dimen103
\sidebarheight=\dimen104
\beamer@tempdim=\dimen105
\beamer@finalheight=\dimen106
\beamer@animht=\dimen107
\beamer@animdp=\dimen108
\beamer@animwd=\dimen109
\beamer@leftmargin=\dimen110
\beamer@rightmargin=\dimen111
\beamer@leftsidebar=\dimen112
\beamer@rightsidebar=\dimen113
\beamer@boxsize=\dimen114
\beamer@vboxoffset=\dimen115
\beamer@descdefault=\dimen116
\beamer@descriptionwidth=\dimen117
\beamer@lastskip=\skip41
\beamer@areabox=\box28
\beamer@animcurrent=\box29
\beamer@animshowbox=\box30
\beamer@sectionbox=\box31
\beamer@logobox=\box32
\beamer@linebox=\box33
\beamer@sectioncount=\count85
\beamer@subsubsectionmax=\count86
\beamer@subsectionmax=\count87
\beamer@sectionmax=\count88
\beamer@totalheads=\count89
\beamer@headcounter=\count90
\beamer@partstartpage=\count91
\beamer@sectionstartpage=\count92
\beamer@subsectionstartpage=\count93
\beamer@animationtempa=\count94
\beamer@animationtempb=\count95
\beamer@xpos=\count96
\beamer@ypos=\count97
\beamer@ypos@offset=\count98
\beamer@showpartnumber=\count99
\beamer@currentsubsection=\count100
\beamer@coveringdepth=\count101
\beamer@sectionadjust=\count102
\beamer@tocsectionnumber=\count103

(/usr/share/texlive/texmf-dist/tex/latex/beamer/beamerbaseoptions.sty
(/usr/share/texlive/texmf-dist/tex/latex/graphics/keyval.sty
Package: keyval 2014/10/28 v1.15 key=value parser (DPC)
\KV@toks@=\toks14
))
\beamer@paperwidth=\skip42
\beamer@paperheight=\skip43

(/usr/share/texlive/texmf-dist/tex/latex/geometry/geometry.sty
Package: geometry 2010/09/12 v5.6 Page Geometry

(/usr/share/texlive/texmf-dist/tex/generic/oberdiek/ifvtex.sty
Package: ifvtex 2016/05/16 v1.6 Detect VTeX and its facilities (HO)
Package ifvtex Info: VTeX not detected.
)
(/usr/share/texlive/texmf-dist/tex/generic/ifxetex/ifxetex.sty
Package: ifxetex 2010/09/12 v0.6 Provides ifxetex conditional
)
\Gm@cnth=\count104
\Gm@cntv=\count105
\c@Gm@tempcnt=\count106
\Gm@bindingoffset=\dimen118
\Gm@wd@mp=\dimen119
\Gm@odd@mp=\dimen120
\Gm@even@mp=\dimen121
\Gm@layoutwidth=\dimen122
\Gm@layoutheight=\dimen123
\Gm@layouthoffset=\dimen124
\Gm@layoutvoffset=\dimen125
\Gm@dimlist=\toks15
)
(/usr/share/texlive/texmf-dist/tex/latex/base/size12.clo
File: size12.clo 2014/09/29 v1.4h Standard LaTeX file (size option)
)
(/usr/share/texlive/texmf-dist/tex/latex/pgf/basiclayer/pgfcore.sty
(/usr/share/texlive/texmf-dist/tex/latex/graphics/graphicx.sty
Package: graphicx 2017/06/01 v1.1a Enhanced LaTeX Graphics (DPC,SPQR)

(/usr/share/texlive/texmf-dist/tex/latex/graphics/graphics.sty
Package: graphics 2017/06/25 v1.2c Standard LaTeX Graphics (DPC,SPQR)

(/usr/share/texlive/texmf-dist/tex/latex/graphics/trig.sty
Package: trig 2016/01/03 v1.10 sin cos tan (DPC)
)
(/usr/share/texlive/texmf-dist/tex/latex/graphics-cfg/graphics.cfg
File: graphics.cfg 2016/06/04 v1.11 sample graphics configuration
)
Package graphics Info: Driver file: pdftex.def on input line 99.

(/usr/share/texlive/texmf-dist/tex/latex/graphics-def/pdftex.def
File: pdftex.def 2018/01/08 v1.0l Graphics/color driver for pdftex
))
\Gin@req@height=\dimen126
\Gin@req@width=\dimen127
)
(/usr/share/texlive/texmf-dist/tex/latex/pgf/systemlayer/pgfsys.sty
(/usr/share/texlive/texmf-dist/tex/latex/pgf/utilities/pgfrcs.sty
(/usr/share/texlive/texmf-dist/tex/generic/pgf/utilities/pgfutil-common.tex
\pgfutil@everybye=\toks16
\pgfutil@tempdima=\dimen128
\pgfutil@tempdimb=\dimen129

(/usr/share/texlive/texmf-dist/tex/generic/pgf/utilities/pgfutil-common-lists.t
ex)) (/usr/share/texlive/texmf-dist/tex/generic/pgf/utilities/pgfutil-latex.def
\pgfutil@abb=\box34
(/usr/share/texlive/texmf-dist/tex/latex/ms/everyshi.sty
Package: everyshi 2001/05/15 v3.00 EveryShipout Package (MS)
))
(/usr/share/texlive/texmf-dist/tex/generic/pgf/utilities/pgfrcs.code.tex
Package: pgfrcs 2015/08/07 v3.0.1a (rcs-revision 1.31)
))
(/usr/share/texlive/texmf-dist/tex/generic/pgf/systemlayer/pgfsys.code.tex
Package: pgfsys 2014/07/09 v3.0.1a (rcs-revision 1.48)

(/usr/share/texlive/texmf-dist/tex/generic/pgf/utilities/pgfkeys.code.tex
\pgfkeys@pathtoks=\toks17
\pgfkeys@temptoks=\toks18

(/usr/share/texlive/texmf-dist/tex/generic/pgf/utilities/pgfkeysfiltered.code.t
ex
\pgfkeys@tmptoks=\toks19
))
\pgf@x=\dimen130
\pgf@y=\dimen131
\pgf@xa=\dimen132
\pgf@ya=\dimen133
\pgf@xb=\dimen134
\pgf@yb=\dimen135
\pgf@xc=\dimen136
\pgf@yc=\dimen137
\w@pgf@writea=\write3
\r@pgf@reada=\read1
\c@pgf@counta=\count107
\c@pgf@countb=\count108
\c@pgf@countc=\count109
\c@pgf@countd=\count110
\t@pgf@toka=\toks20
\t@pgf@tokb=\toks21
\t@pgf@tokc=\toks22
 (/usr/share/texlive/texmf-dist/tex/generic/pgf/systemlayer/pgf.cfg
File: pgf.cfg 2008/05/14  (rcs-revision 1.7)
)
Driver file for pgf: pgfsys-pdftex.def

(/usr/share/texlive/texmf-dist/tex/generic/pgf/systemlayer/pgfsys-pdftex.def
File: pgfsys-pdftex.def 2014/10/11  (rcs-revision 1.35)

(/usr/share/texlive/texmf-dist/tex/generic/pgf/systemlayer/pgfsys-common-pdf.de
f
File: pgfsys-common-pdf.def 2013/10/10  (rcs-revision 1.13)
)))
(/usr/share/texlive/texmf-dist/tex/generic/pgf/systemlayer/pgfsyssoftpath.code.
tex
File: pgfsyssoftpath.code.tex 2013/09/09  (rcs-revision 1.9)
\pgfsyssoftpath@smallbuffer@items=\count111
\pgfsyssoftpath@bigbuffer@items=\count112
)
(/usr/share/texlive/texmf-dist/tex/generic/pgf/systemlayer/pgfsysprotocol.code.
tex
File: pgfsysprotocol.code.tex 2006/10/16  (rcs-revision 1.4)
)) (/usr/share/texlive/texmf-dist/tex/latex/xcolor/xcolor.sty
Package: xcolor 2016/05/11 v2.12 LaTeX color extensions (UK)

(/usr/share/texlive/texmf-dist/tex/latex/graphics-cfg/color.cfg
File: color.cfg 2016/01/02 v1.6 sample color configuration
)
Package xcolor Info: Driver file: pdftex.def on input line 225.
Package xcolor Info: Model `cmy' substituted by `cmy0' on input line 1348.
Package xcolor Info: Model `hsb' substituted by `rgb' on input line 1352.
Package xcolor Info: Model `RGB' extended on input line 1364.
Package xcolor Info: Model `HTML' substituted by `rgb' on input line 1366.
Package xcolor Info: Model `Hsb' substituted by `hsb' on input line 1367.
Package xcolor Info: Model `tHsb' substituted by `hsb' on input line 1368.
Package xcolor Info: Model `HSB' substituted by `hsb' on input line 1369.
Package xcolor Info: Model `Gray' substituted by `gray' on input line 1370.
Package xcolor Info: Model `wave' substituted by `hsb' on input line 1371.
)
(/usr/share/texlive/texmf-dist/tex/generic/pgf/basiclayer/pgfcore.code.tex
Package: pgfcore 2010/04/11 v3.0.1a (rcs-revision 1.7)

(/usr/share/texlive/texmf-dist/tex/generic/pgf/math/pgfmath.code.tex
(/usr/share/texlive/texmf-dist/tex/generic/pgf/math/pgfmathcalc.code.tex
(/usr/share/texlive/texmf-dist/tex/generic/pgf/math/pgfmathutil.code.tex)
(/usr/share/texlive/texmf-dist/tex/generic/pgf/math/pgfmathparser.code.tex
\pgfmath@dimen=\dimen138
\pgfmath@count=\count113
\pgfmath@box=\box35
\pgfmath@toks=\toks23
\pgfmath@stack@operand=\toks24
\pgfmath@stack@operation=\toks25
)
(/usr/share/texlive/texmf-dist/tex/generic/pgf/math/pgfmathfunctions.code.tex
(/usr/share/texlive/texmf-dist/tex/generic/pgf/math/pgfmathfunctions.basic.code
.tex)
(/usr/share/texlive/texmf-dist/tex/generic/pgf/math/pgfmathfunctions.trigonomet
ric.code.tex)
(/usr/share/texlive/texmf-dist/tex/generic/pgf/math/pgfmathfunctions.random.cod
e.tex)
(/usr/share/texlive/texmf-dist/tex/generic/pgf/math/pgfmathfunctions.comparison
.code.tex)
(/usr/share/texlive/texmf-dist/tex/generic/pgf/math/pgfmathfunctions.base.code.
tex)
(/usr/share/texlive/texmf-dist/tex/generic/pgf/math/pgfmathfunctions.round.code
.tex)
(/usr/share/texlive/texmf-dist/tex/generic/pgf/math/pgfmathfunctions.misc.code.
tex)
(/usr/share/texlive/texmf-dist/tex/generic/pgf/math/pgfmathfunctions.integerari
thmetics.code.tex)))
(/usr/share/texlive/texmf-dist/tex/generic/pgf/math/pgfmathfloat.code.tex
\c@pgfmathroundto@lastzeros=\count114
))
(/usr/share/texlive/texmf-dist/tex/generic/pgf/basiclayer/pgfcorepoints.code.te
x
File: pgfcorepoints.code.tex 2013/10/07  (rcs-revision 1.27)
\pgf@picminx=\dimen139
\pgf@picmaxx=\dimen140
\pgf@picminy=\dimen141
\pgf@picmaxy=\dimen142
\pgf@pathminx=\dimen143
\pgf@pathmaxx=\dimen144
\pgf@pathminy=\dimen145
\pgf@pathmaxy=\dimen146
\pgf@xx=\dimen147
\pgf@xy=\dimen148
\pgf@yx=\dimen149
\pgf@yy=\dimen150
\pgf@zx=\dimen151
\pgf@zy=\dimen152
)
(/usr/share/texlive/texmf-dist/tex/generic/pgf/basiclayer/pgfcorepathconstruct.
code.tex
File: pgfcorepathconstruct.code.tex 2013/10/07  (rcs-revision 1.29)
\pgf@path@lastx=\dimen153
\pgf@path@lasty=\dimen154
)
(/usr/share/texlive/texmf-dist/tex/generic/pgf/basiclayer/pgfcorepathusage.code
.tex
File: pgfcorepathusage.code.tex 2014/11/02  (rcs-revision 1.24)
\pgf@shorten@end@additional=\dimen155
\pgf@shorten@start@additional=\dimen156
)
(/usr/share/texlive/texmf-dist/tex/generic/pgf/basiclayer/pgfcorescopes.code.te
x
File: pgfcorescopes.code.tex 2015/05/08  (rcs-revision 1.46)
\pgfpic=\box36
\pgf@hbox=\box37
\pgf@layerbox@main=\box38
\pgf@picture@serial@count=\count115
)
(/usr/share/texlive/texmf-dist/tex/generic/pgf/basiclayer/pgfcoregraphicstate.c
ode.tex
File: pgfcoregraphicstate.code.tex 2014/11/02  (rcs-revision 1.12)
\pgflinewidth=\dimen157
)
(/usr/share/texlive/texmf-dist/tex/generic/pgf/basiclayer/pgfcoretransformation
s.code.tex
File: pgfcoretransformations.code.tex 2015/08/07  (rcs-revision 1.20)
\pgf@pt@x=\dimen158
\pgf@pt@y=\dimen159
\pgf@pt@temp=\dimen160
)
(/usr/share/texlive/texmf-dist/tex/generic/pgf/basiclayer/pgfcorequick.code.tex
File: pgfcorequick.code.tex 2008/10/09  (rcs-revision 1.3)
)
(/usr/share/texlive/texmf-dist/tex/generic/pgf/basiclayer/pgfcoreobjects.code.t
ex
File: pgfcoreobjects.code.tex 2006/10/11  (rcs-revision 1.2)
)
(/usr/share/texlive/texmf-dist/tex/generic/pgf/basiclayer/pgfcorepathprocessing
.code.tex
File: pgfcorepathprocessing.code.tex 2013/09/09  (rcs-revision 1.9)
)
(/usr/share/texlive/texmf-dist/tex/generic/pgf/basiclayer/pgfcorearrows.code.te
x
File: pgfcorearrows.code.tex 2015/05/14  (rcs-revision 1.43)
\pgfarrowsep=\dimen161
)
(/usr/share/texlive/texmf-dist/tex/generic/pgf/basiclayer/pgfcoreshade.code.tex
File: pgfcoreshade.code.tex 2013/07/15  (rcs-revision 1.15)
\pgf@max=\dimen162
\pgf@sys@shading@range@num=\count116
)
(/usr/share/texlive/texmf-dist/tex/generic/pgf/basiclayer/pgfcoreimage.code.tex
File: pgfcoreimage.code.tex 2013/07/15  (rcs-revision 1.18)

(/usr/share/texlive/texmf-dist/tex/generic/pgf/basiclayer/pgfcoreexternal.code.
tex
File: pgfcoreexternal.code.tex 2014/07/09  (rcs-revision 1.21)
\pgfexternal@startupbox=\box39
))
(/usr/share/texlive/texmf-dist/tex/generic/pgf/basiclayer/pgfcorelayers.code.te
x
File: pgfcorelayers.code.tex 2013/07/18  (rcs-revision 1.7)
)
(/usr/share/texlive/texmf-dist/tex/generic/pgf/basiclayer/pgfcoretransparency.c
ode.tex
File: pgfcoretransparency.code.tex 2013/09/30  (rcs-revision 1.5)
)
(/usr/share/texlive/texmf-dist/tex/generic/pgf/basiclayer/pgfcorepatterns.code.
tex
File: pgfcorepatterns.code.tex 2013/11/07  (rcs-revision 1.5)
))) (/usr/share/texlive/texmf-dist/tex/latex/pgf/utilities/xxcolor.sty
Package: xxcolor 2003/10/24 ver 0.1
\XC@nummixins=\count117
\XC@countmixins=\count118
)
(/usr/share/texlive/texmf-dist/tex/generic/oberdiek/atbegshi.sty
Package: atbegshi 2016/06/09 v1.18 At begin shipout hook (HO)

(/usr/share/texlive/texmf-dist/tex/generic/oberdiek/infwarerr.sty
Package: infwarerr 2016/05/16 v1.4 Providing info/warning/error messages (HO)
)
(/usr/share/texlive/texmf-dist/tex/generic/oberdiek/ltxcmds.sty
Package: ltxcmds 2016/05/16 v1.23 LaTeX kernel commands for general use (HO)
))
(/usr/share/texlive/texmf-dist/tex/latex/hyperref/hyperref.sty
Package: hyperref 2018/02/06 v6.86b Hypertext links for LaTeX

(/usr/share/texlive/texmf-dist/tex/generic/oberdiek/hobsub-hyperref.sty
Package: hobsub-hyperref 2016/05/16 v1.14 Bundle oberdiek, subset hyperref (HO)


(/usr/share/texlive/texmf-dist/tex/generic/oberdiek/hobsub-generic.sty
Package: hobsub-generic 2016/05/16 v1.14 Bundle oberdiek, subset generic (HO)
Package: hobsub 2016/05/16 v1.14 Construct package bundles (HO)
Package hobsub Info: Skipping package `infwarerr' (already loaded).
Package hobsub Info: Skipping package `ltxcmds' (already loaded).
Package: ifluatex 2016/05/16 v1.4 Provides the ifluatex switch (HO)
Package ifluatex Info: LuaTeX not detected.
Package hobsub Info: Skipping package `ifvtex' (already loaded).
Package: intcalc 2016/05/16 v1.2 Expandable calculations with integers (HO)
Package hobsub Info: Skipping package `ifpdf' (already loaded).
Package: etexcmds 2016/05/16 v1.6 Avoid name clashes with e-TeX commands (HO)
Package etexcmds Info: Could not find \expanded.
(etexcmds)             That can mean that you are not using pdfTeX 1.50 or
(etexcmds)             that some package has redefined \expanded.
(etexcmds)             In the latter case, load this package earlier.
Package: kvsetkeys 2016/05/16 v1.17 Key value parser (HO)
Package: kvdefinekeys 2016/05/16 v1.4 Define keys (HO)
Package: pdftexcmds 2018/01/21 v0.26 Utility functions of pdfTeX for LuaTeX (HO
)
Package pdftexcmds Info: LuaTeX not detected.
Package pdftexcmds Info: \pdf@primitive is available.
Package pdftexcmds Info: \pdf@ifprimitive is available.
Package pdftexcmds Info: \pdfdraftmode found.
Package: pdfescape 2016/05/16 v1.14 Implements pdfTeX's escape features (HO)
Package: bigintcalc 2016/05/16 v1.4 Expandable calculations on big integers (HO
)
Package: bitset 2016/05/16 v1.2 Handle bit-vector datatype (HO)
Package: uniquecounter 2016/05/16 v1.3 Provide unlimited unique counter (HO)
)
Package hobsub Info: Skipping package `hobsub' (already loaded).
Package: letltxmacro 2016/05/16 v1.5 Let assignment for LaTeX macros (HO)
Package: hopatch 2016/05/16 v1.3 Wrapper for package hooks (HO)
Package: xcolor-patch 2016/05/16 xcolor patch
Package: atveryend 2016/05/16 v1.9 Hooks at the very end of document (HO)
Package hobsub Info: Skipping package `atbegshi' (already loaded).
Package: refcount 2016/05/16 v3.5 Data extraction from label references (HO)
Package: hycolor 2016/05/16 v1.8 Color options for hyperref/bookmark (HO)
)
(/usr/share/texlive/texmf-dist/tex/latex/oberdiek/auxhook.sty
Package: auxhook 2016/05/16 v1.4 Hooks for auxiliary files (HO)
)
(/usr/share/texlive/texmf-dist/tex/latex/oberdiek/kvoptions.sty
Package: kvoptions 2016/05/16 v3.12 Key value format for package options (HO)
)
\@linkdim=\dimen163
\Hy@linkcounter=\count119
\Hy@pagecounter=\count120

(/usr/share/texlive/texmf-dist/tex/latex/hyperref/pd1enc.def
File: pd1enc.def 2018/02/06 v6.86b Hyperref: PDFDocEncoding definition (HO)
)
\Hy@SavedSpaceFactor=\count121

(/usr/share/texlive/texmf-dist/tex/latex/latexconfig/hyperref.cfg
File: hyperref.cfg 2002/06/06 v1.2 hyperref configuration of TeXLive
)
Package hyperref Info: Option `bookmarks' set `true' on input line 4383.
Package hyperref Info: Option `bookmarksopen' set `true' on input line 4383.
Package hyperref Info: Option `implicit' set `false' on input line 4383.
Package hyperref Info: Hyper figures OFF on input line 4509.
Package hyperref Info: Link nesting OFF on input line 4514.
Package hyperref Info: Hyper index ON on input line 4517.
Package hyperref Info: Plain pages OFF on input line 4524.
Package hyperref Info: Backreferencing OFF on input line 4529.
Package hyperref Info: Implicit mode OFF; no redefinition of LaTeX internals.
Package hyperref Info: Bookmarks ON on input line 4762.
\c@Hy@tempcnt=\count122

(/usr/share/texlive/texmf-dist/tex/latex/url/url.sty
\Urlmuskip=\muskip10
Package: url 2013/09/16  ver 3.4  Verb mode for urls, etc.
)
LaTeX Info: Redefining \url on input line 5115.
\XeTeXLinkMargin=\dimen164
\Fld@menulength=\count123
\Field@Width=\dimen165
\Fld@charsize=\dimen166
Package hyperref Info: Hyper figures OFF on input line 6369.
Package hyperref Info: Link nesting OFF on input line 6374.
Package hyperref Info: Hyper index ON on input line 6377.
Package hyperref Info: backreferencing OFF on input line 6384.
Package hyperref Info: Link coloring OFF on input line 6389.
Package hyperref Info: Link coloring with OCG OFF on input line 6394.
Package hyperref Info: PDF/A mode OFF on input line 6399.
LaTeX Info: Redefining \ref on input line 6439.
LaTeX Info: Redefining \pageref on input line 6443.
\Hy@abspage=\count124


Package hyperref Message: Stopped early.

)
Package hyperref Info: Driver (autodetected): hpdftex.
 (/usr/share/texlive/texmf-dist/tex/latex/hyperref/hpdftex.def
File: hpdftex.def 2018/02/06 v6.86b Hyperref driver for pdfTeX
\Fld@listcount=\count125
\c@bookmark@seq@number=\count126

(/usr/share/texlive/texmf-dist/tex/latex/oberdiek/rerunfilecheck.sty
Package: rerunfilecheck 2016/05/16 v1.8 Rerun checks for auxiliary files (HO)
Package uniquecounter Info: New unique counter `rerunfilecheck' on input line 2
82.
))
(/usr/share/texlive/texmf-dist/tex/latex/beamer/beamerbaserequires.sty
(/usr/share/texlive/texmf-dist/tex/latex/beamer/beamerbasecompatibility.sty)
(/usr/share/texlive/texmf-dist/tex/latex/beamer/beamerbasefont.sty
(/usr/share/texlive/texmf-dist/tex/latex/amsfonts/amssymb.sty
Package: amssymb 2013/01/14 v3.01 AMS font symbols

(/usr/share/texlive/texmf-dist/tex/latex/amsfonts/amsfonts.sty
Package: amsfonts 2013/01/14 v3.01 Basic AMSFonts support
\@emptytoks=\toks26
\symAMSa=\mathgroup4
\symAMSb=\mathgroup5
LaTeX Font Info:    Overwriting math alphabet `\mathfrak' in version `bold'
(Font)                  U/euf/m/n --> U/euf/b/n on input line 106.
))
(/usr/share/texlive/texmf-dist/tex/latex/sansmathaccent/sansmathaccent.sty
Package: sansmathaccent 2013/03/28

(/usr/share/texlive/texmf-dist/tex/latex/filehook/filehook.sty
Package: filehook 2011/10/12 v0.5d Hooks for input files
)))
(/usr/share/texlive/texmf-dist/tex/latex/beamer/beamerbasetranslator.sty
(/usr/share/texlive/texmf-dist/tex/latex/translator/translator.sty
Package: translator 2018/01/04 v1.12 Easy translation of strings in LaTeX
))
(/usr/share/texlive/texmf-dist/tex/latex/beamer/beamerbasemisc.sty)
(/usr/share/texlive/texmf-dist/tex/latex/beamer/beamerbasetwoscreens.sty)
(/usr/share/texlive/texmf-dist/tex/latex/beamer/beamerbaseoverlay.sty
\beamer@argscount=\count127
\beamer@lastskipcover=\skip44
\beamer@trivlistdepth=\count128
)
(/usr/share/texlive/texmf-dist/tex/latex/beamer/beamerbasetitle.sty)
(/usr/share/texlive/texmf-dist/tex/latex/beamer/beamerbasesection.sty
\c@lecture=\count129
\c@part=\count130
\c@section=\count131
\c@subsection=\count132
\c@subsubsection=\count133
)
(/usr/share/texlive/texmf-dist/tex/latex/beamer/beamerbaseframe.sty
\beamer@framebox=\box40
\beamer@frametitlebox=\box41
\beamer@zoombox=\box42
\beamer@zoomcount=\count134
\beamer@zoomframecount=\count135
\beamer@frametextheight=\dimen167
\c@subsectionslide=\count136
\beamer@frametopskip=\skip45
\beamer@framebottomskip=\skip46
\beamer@frametopskipautobreak=\skip47
\beamer@framebottomskipautobreak=\skip48
\beamer@envbody=\toks27
\framewidth=\dimen168
\c@framenumber=\count137
)
(/usr/share/texlive/texmf-dist/tex/latex/beamer/beamerbaseverbatim.sty
\beamer@verbatimfileout=\write4
)
(/usr/share/texlive/texmf-dist/tex/latex/beamer/beamerbaseframesize.sty
\beamer@splitbox=\box43
\beamer@autobreakcount=\count138
\beamer@autobreaklastheight=\dimen169
\beamer@frametitletoks=\toks28
\beamer@framesubtitletoks=\toks29
)
(/usr/share/texlive/texmf-dist/tex/latex/beamer/beamerbaseframecomponents.sty
\beamer@footins=\box44
)
(/usr/share/texlive/texmf-dist/tex/latex/beamer/beamerbasecolor.sty
\beamer@bg@ht=\dimen170
\beamer@bg@wd=\dimen171
\beamer@bg@dp=\dimen172
)
(/usr/share/texlive/texmf-dist/tex/latex/beamer/beamerbasenotes.sty
\beamer@frameboxcopy=\box45
)
(/usr/share/texlive/texmf-dist/tex/latex/beamer/beamerbasetoc.sty)
(/usr/share/texlive/texmf-dist/tex/latex/beamer/beamerbasetemplates.sty
\beamer@sbttoks=\toks30

(/usr/share/texlive/texmf-dist/tex/latex/beamer/beamerbaseauxtemplates.sty
(/usr/share/texlive/texmf-dist/tex/latex/beamer/beamerbaseboxes.sty
\bmb@box=\box46
\bmb@colorbox=\box47
\bmb@boxshadow=\box48
\bmb@boxshadowball=\box49
\bmb@boxshadowballlarge=\box50
\bmb@temp=\dimen173
\bmb@dima=\dimen174
\bmb@dimb=\dimen175
\bmb@prevheight=\dimen176
)
\beamer@blockheadheight=\dimen177
))
(/usr/share/texlive/texmf-dist/tex/latex/beamer/beamerbaselocalstructure.sty
(/usr/share/texlive/texmf-dist/tex/latex/tools/enumerate.sty
Package: enumerate 2015/07/23 v3.00 enumerate extensions (DPC)
\@enLab=\toks31
)
\c@figure=\count139
\c@table=\count140
\abovecaptionskip=\skip49
\belowcaptionskip=\skip50
)
(/usr/share/texlive/texmf-dist/tex/latex/beamer/beamerbasenavigation.sty
\beamer@section@min@dim=\dimen178
)
(/usr/share/texlive/texmf-dist/tex/latex/beamer/beamerbasetheorems.sty
(/usr/share/texlive/texmf-dist/tex/latex/amsmath/amsmath.sty
Package: amsmath 2017/09/02 v2.17a AMS math features
\@mathmargin=\skip51

For additional information on amsmath, use the `?' option.
(/usr/share/texlive/texmf-dist/tex/latex/amsmath/amstext.sty
Package: amstext 2000/06/29 v2.01 AMS text

(/usr/share/texlive/texmf-dist/tex/latex/amsmath/amsgen.sty
File: amsgen.sty 1999/11/30 v2.0 generic functions
\@emptytoks=\toks32
\ex@=\dimen179
))
(/usr/share/texlive/texmf-dist/tex/latex/amsmath/amsbsy.sty
Package: amsbsy 1999/11/29 v1.2d Bold Symbols
\pmbraise@=\dimen180
)
(/usr/share/texlive/texmf-dist/tex/latex/amsmath/amsopn.sty
Package: amsopn 2016/03/08 v2.02 operator names
)
\inf@bad=\count141
LaTeX Info: Redefining \frac on input line 213.
\uproot@=\count142
\leftroot@=\count143
LaTeX Info: Redefining \overline on input line 375.
\classnum@=\count144
\DOTSCASE@=\count145
LaTeX Info: Redefining \ldots on input line 472.
LaTeX Info: Redefining \dots on input line 475.
LaTeX Info: Redefining \cdots on input line 596.
\Mathstrutbox@=\box51
\strutbox@=\box52
\big@size=\dimen181
LaTeX Font Info:    Redeclaring font encoding OML on input line 712.
LaTeX Font Info:    Redeclaring font encoding OMS on input line 713.
\macc@depth=\count146
\c@MaxMatrixCols=\count147
\dotsspace@=\muskip11
\c@parentequation=\count148
\dspbrk@lvl=\count149
\tag@help=\toks33
\row@=\count150
\column@=\count151
\maxfields@=\count152
\andhelp@=\toks34
\eqnshift@=\dimen182
\alignsep@=\dimen183
\tagshift@=\dimen184
\tagwidth@=\dimen185
\totwidth@=\dimen186
\lineht@=\dimen187
\@envbody=\toks35
\multlinegap=\skip52
\multlinetaggap=\skip53
\mathdisplay@stack=\toks36
LaTeX Info: Redefining \[ on input line 2817.
LaTeX Info: Redefining \] on input line 2818.
)
(/usr/share/texlive/texmf-dist/tex/latex/amscls/amsthm.sty
Package: amsthm 2017/10/31 v2.20.4
\thm@style=\toks37
\thm@bodyfont=\toks38
\thm@headfont=\toks39
\thm@notefont=\toks40
\thm@headpunct=\toks41
\thm@preskip=\skip54
\thm@postskip=\skip55
\thm@headsep=\skip56
\dth@everypar=\toks42
)
\c@theorem=\count153
)
(/usr/share/texlive/texmf-dist/tex/latex/beamer/beamerbasethemes.sty))
(/usr/share/texlive/texmf-dist/tex/latex/beamer/beamerthemedefault.sty
(/usr/share/texlive/texmf-dist/tex/latex/beamer/beamerfontthemedefault.sty)
(/usr/share/texlive/texmf-dist/tex/latex/beamer/beamercolorthemedefault.sty)
(/usr/share/texlive/texmf-dist/tex/latex/beamer/beamerinnerthemedefault.sty
\beamer@dima=\dimen188
\beamer@dimb=\dimen189
)
(/usr/share/texlive/texmf-dist/tex/latex/beamer/beamerouterthemedefault.sty)))
(./beamerthemeAUTheme.sty
Package: beamerthemeAUTheme 2004/10/07  (rcs-revision 1.10)
\beamer@sidebarwidth=\dimen190
\beamer@headheight=\dimen191

(/usr/share/texlive/texmf-dist/tex/latex/beamer/beamerinnerthemerounded.sty)
(/usr/share/texlive/texmf-dist/tex/latex/beamer/beamercolorthemestructure.sty)
(/usr/share/texlive/texmf-dist/tex/latex/beamer/beamercolorthemeorchid.sty)
(/usr/share/texlive/texmf-dist/tex/latex/beamer/beamercolorthemewhale.sty))
(/usr/share/texlive/texmf-dist/tex/latex/beamer/beamerfontthemeserif.sty)
(/usr/share/texlive/texmf-dist/tex/latex/base/latexsym.sty
Package: latexsym 1998/08/17 v2.2e Standard LaTeX package (lasy symbols)
\symlasy=\mathgroup6
LaTeX Font Info:    Overwriting symbol font `lasy' in version `bold'
(Font)                  U/lasy/m/n --> U/lasy/b/n on input line 52.
)
(/usr/share/texlive/texmf-dist/tex/latex/tools/bm.sty
Package: bm 2017/01/16 v1.2c Bold Symbol Support (DPC/FMi)
\symboldoperators=\mathgroup7
\symboldletters=\mathgroup8
\symboldsymbols=\mathgroup9
\symboldlasy=\mathgroup10
LaTeX Font Info:    Redeclaring math alphabet \mathbf on input line 141.
LaTeX Info: Redefining \bm on input line 207.
)
(/usr/share/texlive/texmf-dist/tex/latex/here/here.sty)
(/usr/share/texlive/texmf-dist/tex/latex/float/float.sty
Package: float 2001/11/08 v1.3d Float enhancements (AL)
\c@float@type=\count154
\float@exts=\toks43
\float@box=\box53
\@float@everytoks=\toks44
\@floatcapt=\box54
)
(/usr/share/texlive/texmf-dist/tex/generic/epsf/epsf.sty
This is `epsf.tex' v2.7.4 <14 February 2011>
\epsffilein=\read2
\epsfframemargin=\dimen192
\epsfframethickness=\dimen193
\epsfrsize=\dimen194
\epsftmp=\dimen195
\epsftsize=\dimen196
\epsfxsize=\dimen197
\epsfysize=\dimen198
\pspoints=\dimen199
) (/usr/share/texlive/texmf-dist/tex/latex/graphics/epsfig.sty
Package: epsfig 2017/06/25 v1.7b (e)psfig emulation (SPQR)
\epsfxsize=\dimen256
\epsfysize=\dimen257
)
(/usr/share/texlive/texmf-dist/tex/latex/psnfss/pifont.sty
Package: pifont 2005/04/12 PSNFSS-v9.2a Pi font support (SPQR) 
LaTeX Font Info:    Try loading font information for U+pzd on input line 63.

(/usr/share/texlive/texmf-dist/tex/latex/psnfss/upzd.fd
File: upzd.fd 2001/06/04 font definitions for U/pzd.
)
LaTeX Font Info:    Try loading font information for U+psy on input line 64.

(/usr/share/texlive/texmf-dist/tex/latex/psnfss/upsy.fd
File: upsy.fd 2001/06/04 font definitions for U/psy.
))
(/usr/share/texlive/texmf-dist/tex/latex/pgf/frontendlayer/tikz.sty
(/usr/share/texlive/texmf-dist/tex/latex/pgf/basiclayer/pgf.sty
Package: pgf 2015/08/07 v3.0.1a (rcs-revision 1.15)

(/usr/share/texlive/texmf-dist/tex/generic/pgf/modules/pgfmoduleshapes.code.tex
File: pgfmoduleshapes.code.tex 2014/03/21  (rcs-revision 1.35)
\pgfnodeparttextbox=\box55
) (/usr/share/texlive/texmf-dist/tex/generic/pgf/modules/pgfmoduleplot.code.tex
File: pgfmoduleplot.code.tex 2015/08/03  (rcs-revision 1.13)
)
(/usr/share/texlive/texmf-dist/tex/latex/pgf/compatibility/pgfcomp-version-0-65
.sty
Package: pgfcomp-version-0-65 2007/07/03 v3.0.1a (rcs-revision 1.7)
\pgf@nodesepstart=\dimen258
\pgf@nodesepend=\dimen259
)
(/usr/share/texlive/texmf-dist/tex/latex/pgf/compatibility/pgfcomp-version-1-18
.sty
Package: pgfcomp-version-1-18 2007/07/23 v3.0.1a (rcs-revision 1.1)
)) (/usr/share/texlive/texmf-dist/tex/latex/pgf/utilities/pgffor.sty
(/usr/share/texlive/texmf-dist/tex/latex/pgf/utilities/pgfkeys.sty
(/usr/share/texlive/texmf-dist/tex/generic/pgf/utilities/pgfkeys.code.tex))
(/usr/share/texlive/texmf-dist/tex/latex/pgf/math/pgfmath.sty
(/usr/share/texlive/texmf-dist/tex/generic/pgf/math/pgfmath.code.tex))
(/usr/share/texlive/texmf-dist/tex/generic/pgf/utilities/pgffor.code.tex
Package: pgffor 2013/12/13 v3.0.1a (rcs-revision 1.25)

(/usr/share/texlive/texmf-dist/tex/generic/pgf/math/pgfmath.code.tex)
\pgffor@iter=\dimen260
\pgffor@skip=\dimen261
\pgffor@stack=\toks45
\pgffor@toks=\toks46
))
(/usr/share/texlive/texmf-dist/tex/generic/pgf/frontendlayer/tikz/tikz.code.tex
Package: tikz 2015/08/07 v3.0.1a (rcs-revision 1.151)

(/usr/share/texlive/texmf-dist/tex/generic/pgf/libraries/pgflibraryplothandlers
.code.tex
File: pgflibraryplothandlers.code.tex 2013/08/31 v3.0.1a (rcs-revision 1.20)
\pgf@plot@mark@count=\count155
\pgfplotmarksize=\dimen262
)
\tikz@lastx=\dimen263
\tikz@lasty=\dimen264
\tikz@lastxsaved=\dimen265
\tikz@lastysaved=\dimen266
\tikzleveldistance=\dimen267
\tikzsiblingdistance=\dimen268
\tikz@figbox=\box56
\tikz@figbox@bg=\box57
\tikz@tempbox=\box58
\tikz@tempbox@bg=\box59
\tikztreelevel=\count156
\tikznumberofchildren=\count157
\tikznumberofcurrentchild=\count158
\tikz@fig@count=\count159

(/usr/share/texlive/texmf-dist/tex/generic/pgf/modules/pgfmodulematrix.code.tex
File: pgfmodulematrix.code.tex 2013/09/17  (rcs-revision 1.8)
\pgfmatrixcurrentrow=\count160
\pgfmatrixcurrentcolumn=\count161
\pgf@matrix@numberofcolumns=\count162
)
\tikz@expandcount=\count163

(/usr/share/texlive/texmf-dist/tex/generic/pgf/frontendlayer/tikz/libraries/tik
zlibrarytopaths.code.tex
File: tikzlibrarytopaths.code.tex 2008/06/17 v3.0.1a (rcs-revision 1.2)
)))
(/usr/share/texlive/texmf-dist/tex/latex/subfigure/subfigure.sty
Package: subfigure 2002/03/15 v2.1.5 subfigure package
\subfigtopskip=\skip57
\subfigcapskip=\skip58
\subfigcaptopadj=\dimen269
\subfigbottomskip=\skip59
\subfigcapmargin=\dimen270
\subfiglabelskip=\skip60
\c@subfigure=\count164
\c@lofdepth=\count165
\c@subtable=\count166
\c@lotdepth=\count167

****************************************
* Local config file subfigure.cfg used *
****************************************
(/usr/share/texlive/texmf-dist/tex/latex/subfigure/subfigure.cfg)
\subfig@top=\skip61
\subfig@bottom=\skip62
)
(/usr/share/texlive/texmf-dist/tex/latex/calrsfs/calrsfs.sty
\symrsfscript=\mathgroup11
)
(/usr/share/texlive/texmf-dist/tex/latex/psnfss/times.sty
Package: times 2005/04/12 PSNFSS-v9.2a (SPQR) 
)
(/usr/share/texlive/texmf-dist/tex/latex/fancybox/fancybox.sty
Package: fancybox 2010/05/15 1.4

Style option: `fancybox' v1.4 <2010/05/15> (tvz)
\@fancybox=\box60
\shadowsize=\dimen271
\@Sbox=\box61
\do@VerbBox=\toks47
\the@fancyput=\toks48
\this@fancyput=\toks49
\EndVerbatimTokens=\toks50
\Verbatim@Outfile=\write5
\Verbatim@Infile=\read3
) (/usr/share/texlive/texmf-dist/tex/latex/tools/calc.sty
Package: calc 2014/10/28 v4.3 Infix arithmetic (KKT,FJ)
\calc@Acount=\count168
\calc@Bcount=\count169
\calc@Adimen=\dimen272
\calc@Bdimen=\dimen273
\calc@Askip=\skip63
\calc@Bskip=\skip64
LaTeX Info: Redefining \setlength on input line 80.
LaTeX Info: Redefining \addtolength on input line 81.
\calc@Ccount=\count170
\calc@Cskip=\skip65
)
(/usr/share/texlive/texmf-dist/tex/latex/psnfss/palatino.sty
Package: palatino 2005/04/12 PSNFSS-v9.2a (SPQR) 
)
(/usr/share/texlive/texmf-dist/tex/latex/psnfss/mathpazo.sty
Package: mathpazo 2005/04/12 PSNFSS-v9.2a Palatino w/ Pazo Math (D.Puga, WaS) 
\symupright=\mathgroup12
)
(/usr/share/texlive/texmf-dist/tex/latex/sidecap/sidecap.sty
Package: sidecap 2003/06/06 v1.6f SideCap Package (RN/HjG)

(/usr/share/texlive/texmf-dist/tex/latex/base/ifthen.sty
Package: ifthen 2014/09/29 v1.1c Standard LaTeX ifthen package (DPC)
)
\SC@BOXWD=\dimen274
\SC@CAPWD=\dimen275
\SC@tempdima=\dimen276
\SC@tempdimb=\dimen277
\c@SC@C=\count171
\SC@BOX=\box62
)
(/usr/share/texlive/texmf-dist/tex/latex/oberdiek/stackrel.sty
Package: stackrel 2016/05/16 v1.3 Adding subscript option to stackrel (HO)
) (./main.aux)
\openout1 = `main.aux'.

LaTeX Font Info:    Checking defaults for OML/cmm/m/it on input line 30.
LaTeX Font Info:    ... okay on input line 30.
LaTeX Font Info:    Checking defaults for T1/cmr/m/n on input line 30.
LaTeX Font Info:    ... okay on input line 30.
LaTeX Font Info:    Checking defaults for OT1/cmr/m/n on input line 30.
LaTeX Font Info:    ... okay on input line 30.
LaTeX Font Info:    Checking defaults for OMS/cmsy/m/n on input line 30.
LaTeX Font Info:    ... okay on input line 30.
LaTeX Font Info:    Checking defaults for OMX/cmex/m/n on input line 30.
LaTeX Font Info:    ... okay on input line 30.
LaTeX Font Info:    Checking defaults for U/cmr/m/n on input line 30.
LaTeX Font Info:    ... okay on input line 30.
LaTeX Font Info:    Checking defaults for PD1/pdf/m/n on input line 30.
LaTeX Font Info:    ... okay on input line 30.
LaTeX Font Info:    Try loading font information for OT1+phv on input line 30.

(/usr/share/texlive/texmf-dist/tex/latex/psnfss/ot1phv.fd
File: ot1phv.fd 2001/06/04 scalable font definitions for OT1/phv.
)
*geometry* driver: auto-detecting
*geometry* detected driver: pdftex
*geometry* verbose mode - [ preamble ] result:
* driver: pdftex
* paper: custom
* layout: <same size as paper>
* layoutoffset:(h,v)=(0.0pt,0.0pt)
* modes: includehead includefoot 
* h-part:(L,W,R)=(69.22636pt, 280.74263pt, 14.22636pt)
* v-part:(T,H,B)=(0.0pt, 273.14662pt, 0.0pt)
* \paperwidth=364.19536pt
* \paperheight=273.14662pt
* \textwidth=280.74263pt
* \textheight=244.6939pt
* \oddsidemargin=-3.04362pt
* \evensidemargin=-3.04362pt
* \topmargin=-72.26999pt
* \headheight=14.22636pt
* \headsep=0.0pt
* \topskip=12.0pt
* \footskip=14.22636pt
* \marginparwidth=4.0pt
* \marginparsep=10.0pt
* \columnsep=10.0pt
* \skip\footins=10.8pt plus 4.0pt minus 2.0pt
* \hoffset=0.0pt
* \voffset=0.0pt
* \mag=1000
* \@twocolumnfalse
* \@twosidefalse
* \@mparswitchfalse
* \@reversemarginfalse
* (1in=72.27pt=25.4mm, 1cm=28.453pt)

(/usr/share/texlive/texmf-dist/tex/context/base/mkii/supp-pdf.mkii
[Loading MPS to PDF converter (version 2006.09.02).]
\scratchcounter=\count172
\scratchdimen=\dimen278
\scratchbox=\box63
\nofMPsegments=\count173
\nofMParguments=\count174
\everyMPshowfont=\toks51
\MPscratchCnt=\count175
\MPscratchDim=\dimen279
\MPnumerator=\count176
\makeMPintoPDFobject=\count177
\everyMPtoPDFconversion=\toks52
) (/usr/share/texlive/texmf-dist/tex/latex/oberdiek/epstopdf-base.sty
Package: epstopdf-base 2016/05/15 v2.6 Base part for package epstopdf

(/usr/share/texlive/texmf-dist/tex/latex/oberdiek/grfext.sty
Package: grfext 2016/05/16 v1.2 Manage graphics extensions (HO)
)
Package epstopdf-base Info: Redefining graphics rule for `.eps' on input line 4
38.
Package grfext Info: Graphics extension search list:
(grfext)             [.pdf,.png,.jpg,.mps,.jpeg,.jbig2,.jb2,.PDF,.PNG,.JPG,.JPE
G,.JBIG2,.JB2,.eps]
(grfext)             \AppendGraphicsExtensions on input line 456.

(/usr/share/texlive/texmf-dist/tex/latex/latexconfig/epstopdf-sys.cfg
File: epstopdf-sys.cfg 2010/07/13 v1.3 Configuration of (r)epstopdf for TeX Liv
e
))
ABD: EveryShipout initializing macros
\AtBeginShipoutBox=\box64
Package hyperref Info: Link coloring OFF on input line 30.

(/usr/share/texlive/texmf-dist/tex/latex/hyperref/nameref.sty
Package: nameref 2016/05/21 v2.44 Cross-referencing by name of section

(/usr/share/texlive/texmf-dist/tex/generic/oberdiek/gettitlestring.sty
Package: gettitlestring 2016/05/16 v1.5 Cleanup title references (HO)
)
\c@section@level=\count178
)
LaTeX Info: Redefining \ref on input line 30.
LaTeX Info: Redefining \pageref on input line 30.
LaTeX Info: Redefining \nameref on input line 30.

(./main.out) (./main.out)
\@outlinefile=\write6
\openout6 = `main.out'.


(/usr/share/texlive/texmf-dist/tex/latex/translator/translator-basic-dictionary
-English.dict
Dictionary: translator-basic-dictionary, Language: English 
)
(/usr/share/texlive/texmf-dist/tex/latex/translator/translator-bibliography-dic
tionary-English.dict
Dictionary: translator-bibliography-dictionary, Language: English 
)
(/usr/share/texlive/texmf-dist/tex/latex/translator/translator-environment-dict
ionary-English.dict
Dictionary: translator-environment-dictionary, Language: English 
)
(/usr/share/texlive/texmf-dist/tex/latex/translator/translator-months-dictionar
y-English.dict
Dictionary: translator-months-dictionary, Language: English 
)
(/usr/share/texlive/texmf-dist/tex/latex/translator/translator-numbers-dictiona
ry-English.dict
Dictionary: translator-numbers-dictionary, Language: English 
)
(/usr/share/texlive/texmf-dist/tex/latex/translator/translator-theorem-dictiona
ry-English.dict
Dictionary: translator-theorem-dictionary, Language: English 
) (/usr/share/texlive/texmf-dist/tex/latex/ms/ragged2e.sty
Package: ragged2e 2009/05/21 v2.1 ragged2e Package (MS)

(/usr/share/texlive/texmf-dist/tex/latex/ms/everysel.sty
Package: everysel 2011/10/28 v1.2 EverySelectfont Package (MS)

ABD: EverySelectfont initializing macros
LaTeX Info: Redefining \selectfont on input line 126.
)
\CenteringLeftskip=\skip66
\RaggedLeftLeftskip=\skip67
\RaggedRightLeftskip=\skip68
\CenteringRightskip=\skip69
\RaggedLeftRightskip=\skip70
\RaggedRightRightskip=\skip71
\CenteringParfillskip=\skip72
\RaggedLeftParfillskip=\skip73
\RaggedRightParfillskip=\skip74
\JustifyingParfillskip=\skip75
\CenteringParindent=\skip76
\RaggedLeftParindent=\skip77
\RaggedRightParindent=\skip78
\JustifyingParindent=\skip79
) (./main.nav)

LaTeX Warning: File `AUlogo3-crop.pdf' not found on input line 30.


! Package pdftex.def Error: File `AUlogo3-crop.pdf' not found: using draft sett
ing.

See the pdftex.def package documentation for explanation.
Type  H <return>  for immediate help.
 ...                                              
                                                  
l.30 \begin{document}
                     
Try typing  <return>  to proceed.
If that doesn't work, type  X <return>  to quit.

LaTeX Font Info:    Try loading font information for OT1+pcr on input line 30.
(/usr/share/texlive/texmf-dist/tex/latex/psnfss/ot1pcr.fd
File: ot1pcr.fd 2001/06/04 font definitions for OT1/pcr.
)

LaTeX Warning: File `AUlogo3-crop.pdf' not found on input line 33.


! Package pdftex.def Error: File `AUlogo3-crop.pdf' not found: using draft sett
ing.

See the pdftex.def package documentation for explanation.
Type  H <return>  for immediate help.
 ...                                              
                                                  
l.33 \maketitle
               
Try typing  <return>  to proceed.
If that doesn't work, type  X <return>  to quit.

[1{/var/lib/texmf/fonts/map/pdftex/updmap/pdftex.map}

] (./main.toc)
Overfull \vbox (11.81926pt too high) detected at line 41
 []


LaTeX Warning: File `AUlogo3-crop.pdf' not found on input line 41.


! Package pdftex.def Error: File `AUlogo3-crop.pdf' not found: using draft sett
ing.

See the pdftex.def package documentation for explanation.
Type  H <return>  for immediate help.
 ...                                              
                                                  
l.41 \end{frame}
                
Try typing  <return>  to proceed.
If that doesn't work, type  X <return>  to quit.

[2

] (./main.toc)
Overfull \vbox (11.81926pt too high) detected at line 44
 []


LaTeX Warning: File `AUlogo3-crop.pdf' not found on input line 44.


! Package pdftex.def Error: File `AUlogo3-crop.pdf' not found: using draft sett
ing.

See the pdftex.def package documentation for explanation.
Type  H <return>  for immediate help.
 ...                                              
                                                  
l.44   \section{Introduction to AMS equations}
                                              
Try typing  <return>  to proceed.
If that doesn't work, type  X <return>  to quit.

[3

]
LaTeX Font Info:    Font shape `OT1/phv/m/it' in size <12> not available
(Font)              Font shape `OT1/phv/m/sl' tried instead on input line 50.
LaTeX Font Info:    Try loading font information for OT1+ppl on input line 50.
 (/usr/share/texlive/texmf-dist/tex/latex/psnfss/ot1ppl.fd
File: ot1ppl.fd 2001/06/04 font definitions for OT1/ppl.
)
LaTeX Font Info:    Try loading font information for OML+zplm on input line 50.


(/usr/share/texlive/texmf-dist/tex/latex/psnfss/omlzplm.fd
File: omlzplm.fd 2002/09/08 Fontinst v1.914 font definitions for OML/zplm.
)
LaTeX Font Info:    Try loading font information for OMS+zplm on input line 50.


(/usr/share/texlive/texmf-dist/tex/latex/psnfss/omszplm.fd
File: omszplm.fd 2002/09/08 Fontinst v1.914 font definitions for OMS/zplm.
)
LaTeX Font Info:    Try loading font information for OMX+zplm on input line 50.


(/usr/share/texlive/texmf-dist/tex/latex/psnfss/omxzplm.fd
File: omxzplm.fd 2002/09/08 Fontinst v1.914 font definitions for OMX/zplm.
)
LaTeX Font Info:    Font shape `U/msa/m/n' will be
(Font)              scaled to size 12.50409pt on input line 50.
LaTeX Font Info:    Font shape `U/msa/m/n' will be
(Font)              scaled to size 9.37807pt on input line 50.
LaTeX Font Info:    Font shape `U/msa/m/n' will be
(Font)              scaled to size 7.29405pt on input line 50.
LaTeX Font Info:    Font shape `U/msb/m/n' will be
(Font)              scaled to size 12.50409pt on input line 50.
LaTeX Font Info:    Font shape `U/msb/m/n' will be
(Font)              scaled to size 9.37807pt on input line 50.
LaTeX Font Info:    Font shape `U/msb/m/n' will be
(Font)              scaled to size 7.29405pt on input line 50.
LaTeX Font Info:    Try loading font information for U+lasy on input line 50.

(/usr/share/texlive/texmf-dist/tex/latex/base/ulasy.fd
File: ulasy.fd 1998/08/17 v2.2e LaTeX symbol font definitions
)
LaTeX Font Info:    Font shape `U/lasy/b/n' in size <9> not available
(Font)              Font shape `U/lasy/m/n' tried instead on input line 50.
LaTeX Font Info:    Font shape `U/lasy/b/n' in size <7> not available
(Font)              Font shape `U/lasy/m/n' tried instead on input line 50.
LaTeX Font Info:    Try loading font information for OMS+rsfs on input line 50.


(/usr/share/texlive/texmf-dist/tex/latex/calrsfs/OMSrsfs.fd)
LaTeX Font Info:    Try loading font information for OT1+zplm on input line 50.


(/usr/share/texlive/texmf-dist/tex/latex/psnfss/ot1zplm.fd
File: ot1zplm.fd 2002/09/08 Fontinst v1.914 font definitions for OT1/zplm.
)

LaTeX Warning: File `AUlogo3-crop.pdf' not found on input line 50.


! Package pdftex.def Error: File `AUlogo3-crop.pdf' not found: using draft sett
ing.

See the pdftex.def package documentation for explanation.
Type  H <return>  for immediate help.
 ...                                              
                                                  
l.50   \end{frame}
                  
Try typing  <return>  to proceed.
If that doesn't work, type  X <return>  to quit.

[4

]
LaTeX Font Info:    Font shape `OT1/phv/bx/n' in size <12> not available
(Font)              Font shape `OT1/phv/b/n' tried instead on input line 62.

Overfull \vbox (1.9002pt too high) detected at line 62
 []


LaTeX Warning: File `AUlogo3-crop.pdf' not found on input line 62.


! Package pdftex.def Error: File `AUlogo3-crop.pdf' not found: using draft sett
ing.

See the pdftex.def package documentation for explanation.
Type  H <return>  for immediate help.
 ...                                              
                                                  
l.62   \end{frame}
                  
Try typing  <return>  to proceed.
If that doesn't work, type  X <return>  to quit.

[5

]

LaTeX Warning: File `AUlogo3-crop.pdf' not found on input line 71.


! Package pdftex.def Error: File `AUlogo3-crop.pdf' not found: using draft sett
ing.

See the pdftex.def package documentation for explanation.
Type  H <return>  for immediate help.
 ...                                              
                                                  
l.71   \end{frame}
                  
Try typing  <return>  to proceed.
If that doesn't work, type  X <return>  to quit.

[6

]
LaTeX Font Info:    Font shape `OT1/phv/m/it' in size <17.28> not available
(Font)              Font shape `OT1/phv/m/sl' tried instead on input line 82.


LaTeX Warning: File `AUlogo3-crop.pdf' not found on input line 82.


! Package pdftex.def Error: File `AUlogo3-crop.pdf' not found: using draft sett
ing.

See the pdftex.def package documentation for explanation.
Type  H <return>  for immediate help.
 ...                                              
                                                  
l.82   \end{frame}
                  
Try typing  <return>  to proceed.
If that doesn't work, type  X <return>  to quit.

[7

]
Overfull \vbox (9.80548pt too high) detected at line 94
 []


LaTeX Warning: File `AUlogo3-crop.pdf' not found on input line 94.


! Package pdftex.def Error: File `AUlogo3-crop.pdf' not found: using draft sett
ing.

See the pdftex.def package documentation for explanation.
Type  H <return>  for immediate help.
 ...                                              
                                                  
l.94   \end{frame}
                  
Try typing  <return>  to proceed.
If that doesn't work, type  X <return>  to quit.

[8

]

LaTeX Warning: File `AUlogo3-crop.pdf' not found on input line 105.


! Package pdftex.def Error: File `AUlogo3-crop.pdf' not found: using draft sett
ing.

See the pdftex.def package documentation for explanation.
Type  H <return>  for immediate help.
 ...                                              
                                                  
l.105   \end{frame}
                   
Try typing  <return>  to proceed.
If that doesn't work, type  X <return>  to quit.

[9

] (./main.toc)
Overfull \vbox (11.81926pt too high) detected at line 108
 []


LaTeX Warning: File `AUlogo3-crop.pdf' not found on input line 108.


! Package pdftex.def Error: File `AUlogo3-crop.pdf' not found: using draft sett
ing.

See the pdftex.def package documentation for explanation.
Type  H <return>  for immediate help.
 ...                                              
                                                  
l.108   \section{Displayed equations}
                                     
Try typing  <return>  to proceed.
If that doesn't work, type  X <return>  to quit.

[10

]

LaTeX Warning: File `AUlogo3-crop.pdf' not found on input line 120.


! Package pdftex.def Error: File `AUlogo3-crop.pdf' not found: using draft sett
ing.

See the pdftex.def package documentation for explanation.
Type  H <return>  for immediate help.
 ...                                              
                                                  
l.120   \end{frame}
                   
Try typing  <return>  to proceed.
If that doesn't work, type  X <return>  to quit.

[11

]
\openout4 = `main.vrb'.

 (./main.vrb)

LaTeX Warning: File `AUlogo3-crop.pdf' not found on input line 159.


! Package pdftex.def Error: File `AUlogo3-crop.pdf' not found: using draft sett
ing.

See the pdftex.def package documentation for explanation.
Type  H <return>  for immediate help.
 ...                                              
                                                  
l.159 \end{frame}
                 
Try typing  <return>  to proceed.
If that doesn't work, type  X <return>  to quit.

[12

]
\openout4 = `main.vrb'.

 (./main.vrb)

LaTeX Warning: File `AUlogo3-crop.pdf' not found on input line 166.


! Package pdftex.def Error: File `AUlogo3-crop.pdf' not found: using draft sett
ing.

See the pdftex.def package documentation for explanation.
Type  H <return>  for immediate help.
 ...                                              
                                                  
l.166 \end{frame}
                 
Try typing  <return>  to proceed.
If that doesn't work, type  X <return>  to quit.

[13

]
\openout4 = `main.vrb'.

 (./main.vrb)

LaTeX Warning: File `AUlogo3-crop.pdf' not found on input line 212.


! Package pdftex.def Error: File `AUlogo3-crop.pdf' not found: using draft sett
ing.

See the pdftex.def package documentation for explanation.
Type  H <return>  for immediate help.
 ...                                              
                                                  
l.212 \end{frame}
                 
Try typing  <return>  to proceed.
If that doesn't work, type  X <return>  to quit.

[14

]
\openout4 = `main.vrb'.

 (./main.vrb)

LaTeX Warning: File `AUlogo3-crop.pdf' not found on input line 218.


! Package pdftex.def Error: File `AUlogo3-crop.pdf' not found: using draft sett
ing.

See the pdftex.def package documentation for explanation.
Type  H <return>  for immediate help.
 ...                                              
                                                  
l.218 \end{frame}
                 
Try typing  <return>  to proceed.
If that doesn't work, type  X <return>  to quit.

[15

]
\openout4 = `main.vrb'.

 (./main.vrb
Overfull \hbox (61.2286pt too wide) in paragraph at lines 14--14
[]\OT1/pcr/m/n/12 \begin{equation} \label{abc}[] 
 []

)

LaTeX Warning: File `AUlogo3-crop.pdf' not found on input line 250.


! Package pdftex.def Error: File `AUlogo3-crop.pdf' not found: using draft sett
ing.

See the pdftex.def package documentation for explanation.
Type  H <return>  for immediate help.
 ...                                              
                                                  
l.250 \end{frame}
                 
Try typing  <return>  to proceed.
If that doesn't work, type  X <return>  to quit.

[16

]

LaTeX Warning: File `AUlogo3-crop.pdf' not found on input line 257.


! Package pdftex.def Error: File `AUlogo3-crop.pdf' not found: using draft sett
ing.

See the pdftex.def package documentation for explanation.
Type  H <return>  for immediate help.
 ...                                              
                                                  
l.257   \end{frame}
                   
Try typing  <return>  to proceed.
If that doesn't work, type  X <return>  to quit.

[17

]
\openout4 = `main.vrb'.

 (./main.vrb)

LaTeX Warning: File `AUlogo3-crop.pdf' not found on input line 292.


! Package pdftex.def Error: File `AUlogo3-crop.pdf' not found: using draft sett
ing.

See the pdftex.def package documentation for explanation.
Type  H <return>  for immediate help.
 ...                                              
                                                  
l.292 \end{frame}
                 
Try typing  <return>  to proceed.
If that doesn't work, type  X <return>  to quit.

[18

]
\openout4 = `main.vrb'.

 (./main.vrb
Missing character: There is no  in font pplr7t!
Missing character: There is no  in font pplr7t!
Missing character: There is no  in font pplr7t!
Missing character: There is no  in font pplr7t!
Missing character: There is no  in font pplr7t!
Missing character: There is no  in font pplr7t!
Missing character: There is no  in font pplr7t!
Missing character: There is no  in font pplr7t!
Missing character: There is no  in font pplr7t!
Missing character: There is no  in font pplr7t!
Missing character: There is no  in font pplr7t!
Missing character: There is no  in font pplr7t!
Missing character: There is no  in font pplr7t!
Missing character: There is no  in font pplr7t!
Missing character: There is no  in font pplr7t!
Missing character: There is no  in font pplr7t!
Missing character: There is no  in font pplr7t!
Missing character: There is no  in font pplr7t!
Missing character: There is no  in font pplr7t!
Missing character: There is no  in font pplr7t!
Missing character: There is no  in font pplr7t!
Missing character: There is no  in font pplr7t!
Missing character: There is no  in font pplr7t!
Missing character: There is no  in font pplr7t!
Missing character: There is no  in font pplr7t!
Missing character: There is no  in font pplr7t!
Missing character: There is no  in font pplr7t!
Missing character: There is no  in font pplr7t!
Missing character: There is no  in font pplr7t!
Missing character: There is no  in font pplr7t!
Missing character: There is no  in font pplr7t!
Missing character: There is no  in font pplr7t!
Missing character: There is no  in font pplr7t!
Missing character: There is no  in font pplr7t!
Missing character: There is no  in font pplr7t!
Missing character: There is no  in font pplr7t!
Missing character: There is no  in font pplr7t!
Missing character: There is no  in font pplr7t!
Missing character: There is no  in font pplr7t!
Missing character: There is no  in font pplr7t!
Missing character: There is no  in font pplr7t!
Missing character: There is no  in font pplr7t!
Missing character: There is no  in font pplr7t!
Missing character: There is no  in font pplr7t!
Missing character: There is no  in font pplr7t!
Missing character: There is no  in font pplr7t!
Missing character: There is no  in font pplr7t!
Missing character: There is no  in font pplr7t!
Missing character: There is no  in font pplr7t!
Missing character: There is no  in font pplr7t!
Missing character: There is no  in font pplr7t!
Missing character: There is no  in font pplr7t!
Missing character: There is no  in font pplr7t!
Missing character: There is no  in font pplr7t!
Missing character: There is no  in font pplr7t!
Missing character: There is no  in font pplr7t!
Missing character: There is no  in font pplr7t!
Missing character: There is no  in font pplr7t!
Missing character: There is no  in font pplr7t!
Missing character: There is no  in font pplr7t!
Missing character: There is no  in font pplr7t!
Missing character: There is no  in font pplr7t!
Missing character: There is no  in font pplr7t!
Missing character: There is no  in font pplr7t!
Missing character: There is no  in font pplr7t!
Missing character: There is no  in font pplr7t!
Missing character: There is no  in font pplr7t!
Missing character: There is no  in font pplr7t!
Missing character: There is no  in font pplr7t!
Missing character: There is no  in font pplr7t!
Missing character: There is no  in font pplr7t!
Missing character: There is no  in font pplr7t!
Missing character: There is no  in font pplr7t!
Missing character: There is no  in font pplr7t!
Missing character: There is no  in font pplr7t!
Missing character: There is no  in font pplr7t!
Missing character: There is no  in font pplr7t!
Missing character: There is no  in font pplr7t!
Missing character: There is no  in font pplr7t!
Missing character: There is no  in font pplr7t!
Missing character: There is no  in font pplr7t!
Missing character: There is no  in font pplr7t!
Missing character: There is no  in font pplr7t!
Missing character: There is no  in font pplr7t!
Missing character: There is no  in font pplr7t!
Missing character: There is no  in font pplr7t!
Missing character: There is no  in font pplr7t!
Missing character: There is no  in font pplr7t!
Missing character: There is no  in font pcrr7t!
Missing character: There is no  in font pcrr7t!
Missing character: There is no  in font pcrr7t!
Missing character: There is no  in font pcrr7t!
Missing character: There is no  in font pcrr7t!
Missing character: There is no  in font pcrr7t!
Missing character: There is no  in font pcrr7t!
Missing character: There is no  in font pcrr7t!
Missing character: There is no  in font pcrr7t!
Missing character: There is no  in font pcrr7t!
Missing character: There is no  in font pcrr7t!
Missing character: There is no  in font pcrr7t!
Missing character: There is no  in font pcrr7t!
Missing character: There is no  in font pcrr7t!
Missing character: There is no  in font pcrr7t!
Missing character: There is no  in font pcrr7t!
Missing character: There is no  in font pcrr7t!
Missing character: There is no  in font pcrr7t!
Missing character: There is no  in font pcrr7t!
Missing character: There is no  in font pcrr7t!
Missing character: There is no  in font pcrr7t!
Missing character: There is no  in font pcrr7t!
Missing character: There is no  in font pcrr7t!
Missing character: There is no  in font pcrr7t!
Missing character: There is no  in font pcrr7t!
Missing character: There is no  in font pcrr7t!
Missing character: There is no  in font pcrr7t!
Missing character: There is no  in font pcrr7t!
Missing character: There is no  in font pcrr7t!
Missing character: There is no  in font pcrr7t!
Missing character: There is no  in font pcrr7t!
Missing character: There is no  in font pcrr7t!
Missing character: There is no  in font pcrr7t!
Missing character: There is no  in font pcrr7t!
Missing character: There is no  in font pcrr7t!
Missing character: There is no  in font pcrr7t!
Missing character: There is no  in font pcrr7t!
Missing character: There is no  in font pcrr7t!
Missing character: There is no  in font pcrr7t!
Missing character: There is no  in font pcrr7t!
Missing character: There is no  in font pcrr7t!
Missing character: There is no  in font pcrr7t!
Missing character: There is no  in font pcrr7t!
Missing character: There is no  in font pcrr7t!
)

LaTeX Warning: File `AUlogo3-crop.pdf' not found on input line 312.


! Package pdftex.def Error: File `AUlogo3-crop.pdf' not found: using draft sett
ing.

See the pdftex.def package documentation for explanation.
Type  H <return>  for immediate help.
 ...                                              
                                                  
l.312 \end{frame}
                 
Try typing  <return>  to proceed.
If that doesn't work, type  X <return>  to quit.

[19

]
\openout4 = `main.vrb'.

 (./main.vrb
Missing character: There is no  in font pplr7t!
Missing character: There is no  in font pplr7t!
Missing character: There is no  in font pplr7t!
Missing character: There is no  in font pplr7t!
Missing character: There is no  in font pplr7t!
Missing character: There is no  in font pplr7t!
Missing character: There is no  in font pplr7t!
Missing character: There is no  in font pplr7t!
Missing character: There is no  in font pplr7t!
Missing character: There is no  in font pplr7t!
Missing character: There is no  in font pplr7t!
Missing character: There is no  in font pplr7t!
Missing character: There is no  in font pplr7t!
Missing character: There is no  in font pplr7t!
Missing character: There is no  in font pplr7t!
Missing character: There is no  in font pplr7t!
Missing character: There is no  in font pcrr7t!
Missing character: There is no  in font pcrr7t!
Missing character: There is no  in font pcrr7t!
Missing character: There is no  in font pcrr7t!
Missing character: There is no  in font pcrr7t!
Missing character: There is no  in font pcrr7t!
Missing character: There is no  in font pcrr7t!
Missing character: There is no  in font pcrr7t!
)
Overfull \vbox (37.98747pt too high) detected at line 334
 []


LaTeX Warning: File `AUlogo3-crop.pdf' not found on input line 334.


! Package pdftex.def Error: File `AUlogo3-crop.pdf' not found: using draft sett
ing.

See the pdftex.def package documentation for explanation.
Type  H <return>  for immediate help.
 ...                                              
                                                  
l.334 \end{frame}
                 
Try typing  <return>  to proceed.
If that doesn't work, type  X <return>  to quit.

[20

]
\openout4 = `main.vrb'.

 (./main.vrb
LaTeX Font Info:    Font shape `U/msa/m/n' will be
(Font)              scaled to size 11.40997pt on input line 3.
LaTeX Font Info:    Font shape `U/msa/m/n' will be
(Font)              scaled to size 8.33606pt on input line 3.
LaTeX Font Info:    Font shape `U/msa/m/n' will be
(Font)              scaled to size 6.25204pt on input line 3.
LaTeX Font Info:    Font shape `U/msb/m/n' will be
(Font)              scaled to size 11.40997pt on input line 3.
LaTeX Font Info:    Font shape `U/msb/m/n' will be
(Font)              scaled to size 8.33606pt on input line 3.
LaTeX Font Info:    Font shape `U/msb/m/n' will be
(Font)              scaled to size 6.25204pt on input line 3.
LaTeX Font Info:    Font shape `U/lasy/b/n' in size <8> not available
(Font)              Font shape `U/lasy/m/n' tried instead on input line 3.
LaTeX Font Info:    Font shape `U/lasy/b/n' in size <6> not available
(Font)              Font shape `U/lasy/m/n' tried instead on input line 3.
Missing character: There is no  in font pplr7t!
Missing character: There is no  in font pplr7t!
Missing character: There is no  in font pplr7t!
Missing character: There is no  in font pplr7t!
Missing character: There is no  in font pplr7t!
Missing character: There is no  in font pplr7t!
Missing character: There is no  in font pplr7t!
Missing character: There is no  in font pplr7t!
Missing character: There is no  in font pplr7t!
Missing character: There is no  in font pplr7t!
Missing character: There is no  in font pplr7t!
Missing character: There is no  in font pplr7t!
Missing character: There is no  in font pplr7t!
Missing character: There is no  in font pplr7t!
Missing character: There is no  in font pplr7t!
Missing character: There is no  in font pplr7t!
Missing character: There is no  in font pcrr7t!
Missing character: There is no  in font pcrr7t!
Missing character: There is no  in font pcrr7t!
Missing character: There is no  in font pcrr7t!
Missing character: There is no  in font pcrr7t!
Missing character: There is no  in font pcrr7t!
Missing character: There is no  in font pcrr7t!
Missing character: There is no  in font pcrr7t!
)
Overfull \vbox (23.48758pt too high) detected at line 354
 []


LaTeX Warning: File `AUlogo3-crop.pdf' not found on input line 354.


! Package pdftex.def Error: File `AUlogo3-crop.pdf' not found: using draft sett
ing.

See the pdftex.def package documentation for explanation.
Type  H <return>  for immediate help.
 ...                                              
                                                  
l.354 \end{frame}
                 
Try typing  <return>  to proceed.
If that doesn't work, type  X <return>  to quit.

[21

]

LaTeX Warning: File `AUlogo3-crop.pdf' not found on input line 361.


! Package pdftex.def Error: File `AUlogo3-crop.pdf' not found: using draft sett
ing.

See the pdftex.def package documentation for explanation.
Type  H <return>  for immediate help.
 ...                                              
                                                  
l.361 \end{frame}
                 
Try typing  <return>  to proceed.
If that doesn't work, type  X <return>  to quit.

[22

]
\openout4 = `main.vrb'.

 (./main.vrb
Missing character: There is no  in font pplr7t!
Missing character: There is no  in font pplr7t!
Missing character: There is no  in font pplr7t!
Missing character: There is no  in font pplr7t!
Missing character: There is no  in font pplr7t!
Missing character: There is no  in font pplr7t!
Missing character: There is no  in font pplr7t!
Missing character: There is no  in font pplr7t!
Missing character: There is no  in font phvr7t!
Missing character: There is no  in font phvr7t!
Missing character: There is no  in font phvr7t!
Missing character: There is no  in font phvr7t!
Missing character: There is no  in font phvr7t!
Missing character: There is no  in font phvr7t!
Missing character: There is no  in font phvr7t!
Missing character: There is no  in font phvr7t!
Missing character: There is no  in font phvr7t!
Missing character: There is no  in font phvr7t!
Missing character: There is no  in font phvr7t!
Missing character: There is no  in font phvr7t!
Missing character: There is no  in font phvr7t!
Missing character: There is no  in font phvr7t!
Missing character: There is no  in font phvr7t!
Missing character: There is no  in font phvr7t!
Missing character: There is no  in font pcrr7t!
Missing character: There is no  in font pcrr7t!
Missing character: There is no  in font pcrr7t!
Missing character: There is no  in font pcrr7t!
Missing character: There is no  in font pcrr7t!
Missing character: There is no  in font pcrr7t!
Missing character: There is no  in font pcrr7t!
Missing character: There is no  in font pcrr7t!
Missing character: There is no  in font pcrr7t!
Missing character: There is no  in font pcrr7t!
Missing character: There is no  in font pcrr7t!
Missing character: There is no  in font pcrr7t!
)

LaTeX Warning: File `AUlogo3-crop.pdf' not found on input line 387.


! Package pdftex.def Error: File `AUlogo3-crop.pdf' not found: using draft sett
ing.

See the pdftex.def package documentation for explanation.
Type  H <return>  for immediate help.
 ...                                              
                                                  
l.387 \end{frame}
                 
Try typing  <return>  to proceed.
If that doesn't work, type  X <return>  to quit.

[23

]
\openout4 = `main.vrb'.

 (./main.vrb
Overfull \hbox (36.05724pt too wide) in paragraph at lines 16--16
[]\OT1/pcr/m/n/12 r!\,(-1)^{(r-j)/2}& \text{if $r-j$ is even}.[] 
 []

)

LaTeX Warning: File `AUlogo3-crop.pdf' not found on input line 408.


! Package pdftex.def Error: File `AUlogo3-crop.pdf' not found: using draft sett
ing.

See the pdftex.def package documentation for explanation.
Type  H <return>  for immediate help.
 ...                                              
                                                  
l.408 \end{frame}
                 
Try typing  <return>  to proceed.
If that doesn't work, type  X <return>  to quit.

[24

]

LaTeX Warning: File `AUlogo3-crop.pdf' not found on input line 415.


! Package pdftex.def Error: File `AUlogo3-crop.pdf' not found: using draft sett
ing.

See the pdftex.def package documentation for explanation.
Type  H <return>  for immediate help.
 ...                                              
                                                  
l.415 \end{frame}
                 
Try typing  <return>  to proceed.
If that doesn't work, type  X <return>  to quit.

[25

]
Missing character: There is no  in font phvr7t!
Missing character: There is no  in font phvr7t!
Missing character: There is no  in font phvr7t!
Missing character: There is no  in font phvr7t!


LaTeX Warning: File `AUlogo3-crop.pdf' not found on input line 423.


! Package pdftex.def Error: File `AUlogo3-crop.pdf' not found: using draft sett
ing.

See the pdftex.def package documentation for explanation.
Type  H <return>  for immediate help.
 ...                                              
                                                  
l.423 \end{frame}
                 
Try typing  <return>  to proceed.
If that doesn't work, type  X <return>  to quit.

[26

]

LaTeX Warning: File `AUlogo3-crop.pdf' not found on input line 430.


! Package pdftex.def Error: File `AUlogo3-crop.pdf' not found: using draft sett
ing.

See the pdftex.def package documentation for explanation.
Type  H <return>  for immediate help.
 ...                                              
                                                  
l.430 \end{frame}
                 
Try typing  <return>  to proceed.
If that doesn't work, type  X <return>  to quit.

[27

]
\openout4 = `main.vrb'.

 (./main.vrb
Missing character: There is no  in font pplr7t!
Missing character: There is no  in font pplr7t!
Missing character: There is no  in font pplr7t!
Missing character: There is no  in font pplr7t!
Missing character: There is no  in font pplr7t!
Missing character: There is no  in font pplr7t!
Missing character: There is no  in font pplr7t!
Missing character: There is no  in font pplr7t!
Missing character: There is no  in font pplr7t!
Missing character: There is no  in font pplr7t!
Missing character: There is no  in font pplr7t!
Missing character: There is no  in font pplr7t!
Missing character: There is no  in font pplr7t!
Missing character: There is no  in font pplr7t!
Missing character: There is no  in font pplr7t!
Missing character: There is no  in font pplr7t!
Missing character: There is no  in font pplr7t!
Missing character: There is no  in font pplr7t!
Missing character: There is no  in font pplr7t!
Missing character: There is no  in font pplr7t!
Missing character: There is no  in font pplr7t!
Missing character: There is no  in font pplr7t!
Missing character: There is no  in font pplr7t!
Missing character: There is no  in font pplr7t!
Missing character: There is no  in font pcrr7t!
Missing character: There is no  in font pcrr7t!
Missing character: There is no  in font pcrr7t!
Missing character: There is no  in font pcrr7t!
Missing character: There is no  in font pcrr7t!
Missing character: There is no  in font pcrr7t!
Missing character: There is no  in font pcrr7t!
Missing character: There is no  in font pcrr7t!

Overfull \hbox (34.61699pt too wide) in paragraph at lines 18--18
[]\OT1/pcr/m/n/10.95 A_1&=N_0(\lambda;\Omega)-\phi(\lambda;\Omega),\\[] 
 []

Missing character: There is no  in font pcrr7t!
Missing character: There is no  in font pcrr7t!
Missing character: There is no  in font pcrr7t!
Missing character: There is no  in font pcrr7t!

Overfull \hbox (41.18698pt too wide) in paragraph at lines 18--18
[]\OT1/pcr/m/n/10.95 A_2&=\phi(\lambda;\Omega)-\phi(\lambda;\Omega),\\[] 
 []

)
Overfull \vbox (22.88757pt too high) detected at line 453
 []


LaTeX Warning: File `AUlogo3-crop.pdf' not found on input line 453.


! Package pdftex.def Error: File `AUlogo3-crop.pdf' not found: using draft sett
ing.

See the pdftex.def package documentation for explanation.
Type  H <return>  for immediate help.
 ...                                              
                                                  
l.453 \end{frame}
                 
Try typing  <return>  to proceed.
If that doesn't work, type  X <return>  to quit.

[28

]
\openout4 = `main.vrb'.

 (./main.vrb
LaTeX Font Info:    Font shape `OT1/phv/m/it' in size <10.95> not available
(Font)              Font shape `OT1/phv/m/sl' tried instead on input line 8.
)

LaTeX Warning: File `AUlogo3-crop.pdf' not found on input line 469.


! Package pdftex.def Error: File `AUlogo3-crop.pdf' not found: using draft sett
ing.

See the pdftex.def package documentation for explanation.
Type  H <return>  for immediate help.
 ...                                              
                                                  
l.469 \end{frame}
                 
Try typing  <return>  to proceed.
If that doesn't work, type  X <return>  to quit.

[29

]
LaTeX Font Info:    Font shape `U/msa/m/n' will be
(Font)              scaled to size 18.00587pt on input line 477.
LaTeX Font Info:    Font shape `U/msa/m/n' will be
(Font)              scaled to size 10.42007pt on input line 477.
LaTeX Font Info:    Font shape `U/msb/m/n' will be
(Font)              scaled to size 18.00587pt on input line 477.
LaTeX Font Info:    Font shape `U/msb/m/n' will be
(Font)              scaled to size 10.42007pt on input line 477.


LaTeX Warning: File `AUlogo3-crop.pdf' not found on input line 477.


! Package pdftex.def Error: File `AUlogo3-crop.pdf' not found: using draft sett
ing.

See the pdftex.def package documentation for explanation.
Type  H <return>  for immediate help.
 ...                                              
                                                  
l.477 \end{frame}
                 
Try typing  <return>  to proceed.
If that doesn't work, type  X <return>  to quit.

[30

]
\openout4 = `main.vrb'.

 (./main.vrb)

LaTeX Warning: File `AUlogo3-crop.pdf' not found on input line 490.


! Package pdftex.def Error: File `AUlogo3-crop.pdf' not found: using draft sett
ing.

See the pdftex.def package documentation for explanation.
Type  H <return>  for immediate help.
 ...                                              
                                                  
l.490 \end{frame}
                 
Try typing  <return>  to proceed.
If that doesn't work, type  X <return>  to quit.

[31

] (./main.toc)
Overfull \vbox (11.81926pt too high) detected at line 493
 []


LaTeX Warning: File `AUlogo3-crop.pdf' not found on input line 493.


! Package pdftex.def Error: File `AUlogo3-crop.pdf' not found: using draft sett
ing.

See the pdftex.def package documentation for explanation.
Type  H <return>  for immediate help.
 ...                                              
                                                  
l.493 ...tion{Miscellaneous mathematical features}
                                                  
Try typing  <return>  to proceed.
If that doesn't work, type  X <return>  to quit.

[32

]
\openout4 = `main.vrb'.

 (./main.vrb
LaTeX Font Info:    Try loading font information for OMS+phv on input line 2.
 (/usr/share/texlive/texmf-dist/tex/latex/psnfss/omsphv.fd
File: omsphv.fd 
)
LaTeX Font Info:    Font shape `OMS/phv/m/n' in size <12> not available
(Font)              Font shape `OMS/cmsy/m/n' tried instead on input line 2.
)

LaTeX Warning: File `AUlogo3-crop.pdf' not found on input line 499.


! Package pdftex.def Error: File `AUlogo3-crop.pdf' not found: using draft sett
ing.

See the pdftex.def package documentation for explanation.
Type  H <return>  for immediate help.
 ...                                              
                                                  
l.499 \end{frame}
                 
Try typing  <return>  to proceed.
If that doesn't work, type  X <return>  to quit.

[33

]
\openout4 = `main.vrb'.

 (./main.vrb)

LaTeX Warning: File `AUlogo3-crop.pdf' not found on input line 512.


! Package pdftex.def Error: File `AUlogo3-crop.pdf' not found: using draft sett
ing.

See the pdftex.def package documentation for explanation.
Type  H <return>  for immediate help.
 ...                                              
                                                  
l.512 \end{frame}
                 
Try typing  <return>  to proceed.
If that doesn't work, type  X <return>  to quit.

[34

]
\openout4 = `main.vrb'.

 (./main.vrb)

LaTeX Warning: File `AUlogo3-crop.pdf' not found on input line 530.


! Package pdftex.def Error: File `AUlogo3-crop.pdf' not found: using draft sett
ing.

See the pdftex.def package documentation for explanation.
Type  H <return>  for immediate help.
 ...                                              
                                                  
l.530 \end{frame}
                 
Try typing  <return>  to proceed.
If that doesn't work, type  X <return>  to quit.

[35

]
\openout4 = `main.vrb'.

 (./main.vrb)

LaTeX Warning: File `AUlogo3-crop.pdf' not found on input line 544.


! Package pdftex.def Error: File `AUlogo3-crop.pdf' not found: using draft sett
ing.

See the pdftex.def package documentation for explanation.
Type  H <return>  for immediate help.
 ...                                              
                                                  
l.544 \end{frame}
                 
Try typing  <return>  to proceed.
If that doesn't work, type  X <return>  to quit.

[36

]
\openout4 = `main.vrb'.

 (./main.vrb)

LaTeX Warning: File `AUlogo3-crop.pdf' not found on input line 552.


! Package pdftex.def Error: File `AUlogo3-crop.pdf' not found: using draft sett
ing.

See the pdftex.def package documentation for explanation.
Type  H <return>  for immediate help.
 ...                                              
                                                  
l.552 \end{frame}
                 
Try typing  <return>  to proceed.
If that doesn't work, type  X <return>  to quit.

[37

]
\openout4 = `main.vrb'.

 (./main.vrb
Overfull \hbox (3.62863pt too wide) in paragraph at lines 21--21
[]\OT1/pcr/m/n/12 $\sqrt[\leftroot{-2}[] 
 []


Overfull \hbox (3.62863pt too wide) in paragraph at lines 21--21
[]\OT1/pcr/m/n/12 \uproot{2}\beta]{k}$[] 
 []

)

LaTeX Warning: File `AUlogo3-crop.pdf' not found on input line 585.


! Package pdftex.def Error: File `AUlogo3-crop.pdf' not found: using draft sett
ing.

See the pdftex.def package documentation for explanation.
Type  H <return>  for immediate help.
 ...                                              
                                                  
l.585 \end{frame}
                 
Try typing  <return>  to proceed.
If that doesn't work, type  X <return>  to quit.

[38

]
\openout4 = `main.vrb'.

 (./main.vrb)

LaTeX Warning: File `AUlogo3-crop.pdf' not found on input line 597.


! Package pdftex.def Error: File `AUlogo3-crop.pdf' not found: using draft sett
ing.

See the pdftex.def package documentation for explanation.
Type  H <return>  for immediate help.
 ...                                              
                                                  
l.597 \end{frame}
                 
Try typing  <return>  to proceed.
If that doesn't work, type  X <return>  to quit.

[39

]
\openout4 = `main.vrb'.

 (./main.vrb
Overfull \hbox (7.25725pt too wide) in paragraph at lines 7--7
[]\OT1/pcr/m/n/12 \overleftrightarrow \underleftrightarrow[] 
 []

)

LaTeX Warning: File `AUlogo3-crop.pdf' not found on input line 615.


! Package pdftex.def Error: File `AUlogo3-crop.pdf' not found: using draft sett
ing.

See the pdftex.def package documentation for explanation.
Type  H <return>  for immediate help.
 ...                                              
                                                  
l.615 \end{frame}
                 
Try typing  <return>  to proceed.
If that doesn't work, type  X <return>  to quit.

[40

]
\openout4 = `main.vrb'.

 (./main.vrb)

LaTeX Warning: File `AUlogo3-crop.pdf' not found on input line 630.


! Package pdftex.def Error: File `AUlogo3-crop.pdf' not found: using draft sett
ing.

See the pdftex.def package documentation for explanation.
Type  H <return>  for immediate help.
 ...                                              
                                                  
l.630 \end{frame}
                 
Try typing  <return>  to proceed.
If that doesn't work, type  X <return>  to quit.

[41

]
\openout4 = `main.vrb'.

 (./main.vrb)

LaTeX Warning: File `AUlogo3-crop.pdf' not found on input line 655.


! Package pdftex.def Error: File `AUlogo3-crop.pdf' not found: using draft sett
ing.

See the pdftex.def package documentation for explanation.
Type  H <return>  for immediate help.
 ...                                              
                                                  
l.655 \end{frame}
                 
Try typing  <return>  to proceed.
If that doesn't work, type  X <return>  to quit.

[42

]
\openout4 = `main.vrb'.

 (./main.vrb
Overfull \hbox (39.62862pt too wide) in paragraph at lines 11--11
[]\OT1/pcr/m/n/12 \sum_{\begin{subarray}{l}[] 
 []

)

LaTeX Warning: File `AUlogo3-crop.pdf' not found on input line 680.


! Package pdftex.def Error: File `AUlogo3-crop.pdf' not found: using draft sett
ing.

See the pdftex.def package documentation for explanation.
Type  H <return>  for immediate help.
 ...                                              
                                                  
l.680 \end{frame}
                 
Try typing  <return>  to proceed.
If that doesn't work, type  X <return>  to quit.

[43

]
\openout4 = `main.vrb'.

 (./main.vrb
Overfull \hbox (97.22859pt too wide) in paragraph at lines 12--12
[]\OT1/pcr/m/n/12 \stackrel[H_{0}]{H_{1}}{\gtrless}[] 
 []

)

LaTeX Warning: File `AUlogo3-crop.pdf' not found on input line 707.


! Package pdftex.def Error: File `AUlogo3-crop.pdf' not found: using draft sett
ing.

See the pdftex.def package documentation for explanation.
Type  H <return>  for immediate help.
 ...                                              
                                                  
l.707 \end{frame}
                 
Try typing  <return>  to proceed.
If that doesn't work, type  X <return>  to quit.

[44

]
\openout4 = `main.vrb'.

 (./main.vrb)

LaTeX Warning: File `AUlogo3-crop.pdf' not found on input line 726.


! Package pdftex.def Error: File `AUlogo3-crop.pdf' not found: using draft sett
ing.

See the pdftex.def package documentation for explanation.
Type  H <return>  for immediate help.
 ...                                              
                                                  
l.726 \end{frame}
                 
Try typing  <return>  to proceed.
If that doesn't work, type  X <return>  to quit.

[45

]
\openout4 = `main.vrb'.

 (./main.vrb)

LaTeX Warning: File `AUlogo3-crop.pdf' not found on input line 739.


! Package pdftex.def Error: File `AUlogo3-crop.pdf' not found: using draft sett
ing.

See the pdftex.def package documentation for explanation.
Type  H <return>  for immediate help.
 ...                                              
                                                  
l.739 \end{frame}
                 
Try typing  <return>  to proceed.
If that doesn't work, type  X <return>  to quit.

[46

]
\openout4 = `main.vrb'.

 (./main.vrb)

LaTeX Warning: File `AUlogo3-crop.pdf' not found on input line 752.


! Package pdftex.def Error: File `AUlogo3-crop.pdf' not found: using draft sett
ing.

See the pdftex.def package documentation for explanation.
Type  H <return>  for immediate help.
 ...                                              
                                                  
l.752 \end{frame}
                 
Try typing  <return>  to proceed.
If that doesn't work, type  X <return>  to quit.

[47

]
\openout4 = `main.vrb'.

 (./main.vrb)

LaTeX Warning: File `AUlogo3-crop.pdf' not found on input line 772.


! Package pdftex.def Error: File `AUlogo3-crop.pdf' not found: using draft sett
ing.

See the pdftex.def package documentation for explanation.
Type  H <return>  for immediate help.
 ...                                              
                                                  
l.772 \end{frame}
                 
Try typing  <return>  to proceed.
If that doesn't work, type  X <return>  to quit.

[48

]
\openout4 = `main.vrb'.

 (./main.vrb
Missing character: There is no  in font phvr7t!
Missing character: There is no  in font phvr7t!
Missing character: There is no  in font phvr7t!
Missing character: There is no  in font phvr7t!
)

LaTeX Warning: File `AUlogo3-crop.pdf' not found on input line 801.


! Package pdftex.def Error: File `AUlogo3-crop.pdf' not found: using draft sett
ing.

See the pdftex.def package documentation for explanation.
Type  H <return>  for immediate help.
 ...                                              
                                                  
l.801 \end{frame}
                 
Try typing  <return>  to proceed.
If that doesn't work, type  X <return>  to quit.

[49

] (./main.toc)
Overfull \vbox (11.81926pt too high) detected at line 804
 []


LaTeX Warning: File `AUlogo3-crop.pdf' not found on input line 804.


! Package pdftex.def Error: File `AUlogo3-crop.pdf' not found: using draft sett
ing.

See the pdftex.def package documentation for explanation.
Type  H <return>  for immediate help.
 ...                                              
                                                  
l.804 \section{Further study}
                             
Try typing  <return>  to proceed.
If that doesn't work, type  X <return>  to quit.

[50

]

LaTeX Warning: File `AUlogo3-crop.pdf' not found on input line 813.


! Package pdftex.def Error: File `AUlogo3-crop.pdf' not found: using draft sett
ing.

See the pdftex.def package documentation for explanation.
Type  H <return>  for immediate help.
 ...                                              
                                                  
l.813 \end{frame}
                 
Try typing  <return>  to proceed.
If that doesn't work, type  X <return>  to quit.

[51

] (./main.toc)
Overfull \vbox (11.81926pt too high) detected at line 816
 []


LaTeX Warning: File `AUlogo3-crop.pdf' not found on input line 816.


! Package pdftex.def Error: File `AUlogo3-crop.pdf' not found: using draft sett
ing.

See the pdftex.def package documentation for explanation.
Type  H <return>  for immediate help.
 ...                                              
                                                  
l.816 \section{Resource}
                        
Try typing  <return>  to proceed.
If that doesn't work, type  X <return>  to quit.

[52

]
LaTeX Font Info:    Font shape `U/msa/m/n' will be
(Font)              scaled to size 7.91925pt on input line 823.
LaTeX Font Info:    Font shape `U/msb/m/n' will be
(Font)              scaled to size 7.91925pt on input line 823.
LaTeX Font Info:    Font shape `U/lasy/b/n' in size <7.6> not available
(Font)              Font shape `U/lasy/m/n' tried instead on input line 823.


LaTeX Warning: File `AUlogo3-crop.pdf' not found on input line 823.


! Package pdftex.def Error: File `AUlogo3-crop.pdf' not found: using draft sett
ing.

See the pdftex.def package documentation for explanation.
Type  H <return>  for immediate help.
 ...                                              
                                                  
l.823 \end{frame}
                 
Try typing  <return>  to proceed.
If that doesn't work, type  X <return>  to quit.

[53

]
\tf@nav=\write7
\openout7 = `main.nav'.

\tf@toc=\write8
\openout8 = `main.toc'.

\tf@snm=\write9
\openout9 = `main.snm'.

Package atveryend Info: Empty hook `BeforeClearDocument' on input line 824.
Package atveryend Info: Empty hook `AfterLastShipout' on input line 824.
 (./main.aux)
Package atveryend Info: Executing hook `AtVeryEndDocument' on input line 824.
Package atveryend Info: Executing hook `AtEndAfterFileList' on input line 824.
Package rerunfilecheck Info: File `main.out' has not changed.
(rerunfilecheck)             Checksum: EF9700D3894CC8613994558DB6F0B5A9;673.
 ) 
Here is how much of TeX's memory you used:
 21764 strings out of 492982
 421431 string characters out of 6134897
 491510 words of memory out of 5000000
 24515 multiletter control sequences out of 15000+600000
 80292 words of font info for 215 fonts, out of 8000000 for 9000
 1141 hyphenation exceptions out of 8191
 56i,22n,65p,789b,806s stack positions out of 5000i,500n,10000p,200000b,80000s
{/usr/share/texlive/texmf-dist/fonts/enc/dvips/base/8r.enc}</usr/share/texliv
e/texmf-dist/fonts/type1/public/amsfonts/cm/cmex10.pfb></usr/share/texlive/texm
f-dist/fonts/type1/public/amsfonts/cm/cmmi10.pfb></usr/share/texlive/texmf-dist
/fonts/type1/public/amsfonts/cm/cmr10.pfb></usr/share/texlive/texmf-dist/fonts/
type1/public/amsfonts/cm/cmsy10.pfb></usr/share/texlive/texmf-dist/fonts/type1/
public/mathpazo/fplmr.pfb></usr/share/texlive/texmf-dist/fonts/type1/public/mat
hpazo/fplmri.pfb></usr/share/texlive/texmf-dist/fonts/type1/public/amsfonts/sym
bols/msam10.pfb></usr/share/texlive/texmf-dist/fonts/type1/urw/courier/ucrr8a.p
fb></usr/share/texlive/texmf-dist/fonts/type1/urw/helvetic/uhvb8a.pfb></usr/sha
re/texlive/texmf-dist/fonts/type1/urw/helvetic/uhvr8a.pfb></usr/share/texlive/t
exmf-dist/fonts/type1/urw/helvetic/uhvro8a.pfb></usr/share/texlive/texmf-dist/f
onts/type1/urw/palatino/uplr8a.pfb></usr/share/texlive/texmf-dist/fonts/type1/u
rw/palatino/uplri8a.pfb>
Output written on main.pdf (53 pages, 279486 bytes).
PDF statistics:
 2231 PDF objects out of 2487 (max. 8388607)
 2119 compressed objects within 22 object streams
 119 named destinations out of 1000 (max. 500000)
 209 words of extra memory for PDF output out of 10000 (max. 10000000)

